[ Nov 07 2014 10:49:13 ] [var/cache/ini/site-6eb18a072cce474ca021f4a6367b6a00.php]
[ Nov 07 2014 10:49:13 ] [var/cache/ini/module-8b804e8391cc314d9da212daa11e1d25.php]
[ Nov 07 2014 10:49:13 ] [var/cache/ini/fre-FR-03e1cc750a63b7b7d4dec64c65c4791f.php]
[ Nov 07 2014 10:49:13 ] [var/cache/ini/template-64a8b26441e7a4d42db06534f2f08951.php]
[ Nov 07 2014 10:49:13 ] [var/cache/ini/file-15ee04088c858fb3bcbb4206fd09862b.php]
[ Nov 07 2014 10:49:13 ] [var/cache/ini/debug-229c7a0dbc42e11415fea2fb2b7ed06a.php]
[ Nov 07 2014 10:49:13 ] [var/plain_site/cache/statelimitations_e1671797c52e15f763380b45e841ec32.php]
[ Nov 07 2014 10:49:13 ] [var/cache/ini/i18n-54cb5d8fc22b9dd0904d57db9e845637.php]
[ Nov 07 2014 10:49:14 ] [var/cache/ini/site-c73149e0d7c47bdd6b72d6c8ad8d01ce.php]
[ Nov 07 2014 10:49:14 ] [var/plain_site/cache/translation/ffd42c3d9ba139a00bfbf35cd9c5e7ac/fre-FR/c289b3ed89e7dee8a3a352a77b308232.php]
[ Nov 07 2014 10:49:14 ] [var/plain_site/cache/translation/ffd42c3d9ba139a00bfbf35cd9c5e7ac/fre-FR/8994ca91ad83b44dc9086410d8bf4ebe.php]
[ Nov 07 2014 10:49:14 ] [var/plain_site/cache/translation/ffd42c3d9ba139a00bfbf35cd9c5e7ac/fre-FR/31c13f47ad87dd7baa2d558a91e0fbb9.php]
[ Nov 07 2014 10:49:14 ] [var/cache/ini/module-cda413f2ce32b57733c58e5a8676f31c.php]
[ Nov 07 2014 10:49:14 ] [var/plain_site/cache/translation/ffd42c3d9ba139a00bfbf35cd9c5e7ac/fre-FR/d0dacb89c3f2673c993a6c4a20dcfec0.php]
[ Nov 07 2014 10:49:14 ] [var/plain_site/cache/translation/ffd42c3d9ba139a00bfbf35cd9c5e7ac/fre-FR/df040ccff08a8acdcaa56e7d96af635a.php]
[ Nov 07 2014 10:49:14 ] [var/plain_site/cache/translation/ffd42c3d9ba139a00bfbf35cd9c5e7ac/fre-FR/d1ffd70cb6e91c5ba56e5831e64a94eb.php]
[ Nov 07 2014 10:49:14 ] [var/plain_site/cache/translation/ffd42c3d9ba139a00bfbf35cd9c5e7ac/fre-FR/49553db8d7bc5ac1ce5e0bb5bc852f0c.php]
[ Nov 07 2014 10:49:14 ] [var/plain_site/cache/translation/ffd42c3d9ba139a00bfbf35cd9c5e7ac/fre-FR/76187acd173d8f8ac7c9fe3e21615e19.php]
[ Nov 07 2014 10:49:14 ] [var/plain_site/cache/translation/ffd42c3d9ba139a00bfbf35cd9c5e7ac/fre-FR/36a9108f9c02916acdc13679e7ebf825.php]
[ Nov 07 2014 10:49:14 ] [var/plain_site/cache/translation/ffd42c3d9ba139a00bfbf35cd9c5e7ac/fre-FR/d855d89240be924aa6916a46a19f986d.php]
[ Nov 07 2014 10:49:14 ] [var/plain_site/cache/translation/ffd42c3d9ba139a00bfbf35cd9c5e7ac/fre-FR/70d897de0f456a1fa6cf98d7c448887c.php]
[ Nov 07 2014 10:49:14 ] [var/plain_site/cache/translation/ffd42c3d9ba139a00bfbf35cd9c5e7ac/fre-FR/f7e214fe4ed7ebbc781f27d209ed7aa1.php]
[ Nov 07 2014 10:49:14 ] [var/plain_site/cache/translation/ffd42c3d9ba139a00bfbf35cd9c5e7ac/fre-FR/367aae62c29bb05f8b5f945afdb27930.php]
[ Nov 07 2014 10:49:14 ] [var/plain_site/cache/translation/ffd42c3d9ba139a00bfbf35cd9c5e7ac/fre-FR/ea03612dc6235478341a57206f981319.php]
[ Nov 07 2014 10:49:14 ] [var/plain_site/cache/translation/ffd42c3d9ba139a00bfbf35cd9c5e7ac/fre-FR/e85595b58e9ab792e50ae2bdbf6d8f8c.php]
[ Nov 07 2014 10:49:14 ] [var/cache/ini/fre-FR-f1fb14562a588acbcfc31112d5715952.php]
[ Nov 07 2014 10:49:14 ] [var/plain_site/cache/translation/ffd42c3d9ba139a00bfbf35cd9c5e7ac/fre-FR/afced080b3d75515a1e4e56b12a3f015.php]
[ Nov 07 2014 10:49:14 ] [var/plain_site/cache/translation/ffd42c3d9ba139a00bfbf35cd9c5e7ac/fre-FR/b0c5074382b446d5ffa28d03c9039f0c.php]
[ Nov 07 2014 10:49:14 ] [var/plain_site/cache/translation/ffd42c3d9ba139a00bfbf35cd9c5e7ac/fre-FR/c88e23444d7a8f6b05189f0c567f075b.php]
[ Nov 07 2014 10:49:14 ] [var/plain_site/cache/translation/ffd42c3d9ba139a00bfbf35cd9c5e7ac/fre-FR/7f7330910538dedd084ae50285ad02ab.php]
[ Nov 07 2014 10:49:14 ] [var/plain_site/cache/translation/ffd42c3d9ba139a00bfbf35cd9c5e7ac/fre-FR/28ac242adbc9f6ec8f17ce3e160febc4.php]
[ Nov 07 2014 10:49:14 ] [var/plain_site/cache/translation/ffd42c3d9ba139a00bfbf35cd9c5e7ac/fre-FR/f2fb430e5e508228e1ef1151e290e834.php]
[ Nov 07 2014 10:49:14 ] [var/plain_site/cache/translation/ffd42c3d9ba139a00bfbf35cd9c5e7ac/fre-FR/36c1459bf31f5be8ca2a17dc4ecb73a5.php]
[ Nov 07 2014 10:49:14 ] [var/plain_site/cache/translation/ffd42c3d9ba139a00bfbf35cd9c5e7ac/fre-FR/00496fbf6c90f13617af39df3e291253.php]
[ Nov 07 2014 10:49:14 ] [var/plain_site/cache/translation/ffd42c3d9ba139a00bfbf35cd9c5e7ac/fre-FR/9f4fa29653bf2279a94725470a1fe11c.php]
[ Nov 07 2014 10:49:14 ] [var/plain_site/cache/translation/ffd42c3d9ba139a00bfbf35cd9c5e7ac/fre-FR/edbd862e921e97f58d54abb7a3216999.php]
[ Nov 07 2014 10:49:14 ] [var/plain_site/cache/translation/ffd42c3d9ba139a00bfbf35cd9c5e7ac/fre-FR/866d1e99d911ec636b871378c1d2f0e7.php]
[ Nov 07 2014 10:49:14 ] [var/plain_site/cache/translation/ffd42c3d9ba139a00bfbf35cd9c5e7ac/fre-FR/c0f1d843f972d320a9dcb9bcccf6fe5e.php]
[ Nov 07 2014 10:49:14 ] [var/plain_site/cache/translation/ffd42c3d9ba139a00bfbf35cd9c5e7ac/fre-FR/d5fa73f0c1b916f948ab420475b3c7ae.php]
[ Nov 07 2014 10:49:14 ] [var/plain_site/cache/translation/ffd42c3d9ba139a00bfbf35cd9c5e7ac/fre-FR/ae3de24ca63898d804f49d32f3007c97.php]
[ Nov 07 2014 10:49:14 ] [var/plain_site/cache/translation/ffd42c3d9ba139a00bfbf35cd9c5e7ac/fre-FR/c368d49687b59d4e37037374847e917c.php]
[ Nov 07 2014 10:49:14 ] [var/plain_site/cache/translation/ffd42c3d9ba139a00bfbf35cd9c5e7ac/fre-FR/3737d512db41ed5186b9f242f809bf94.php]
[ Nov 07 2014 10:49:14 ] [var/cache/ini/file-85b0254f35568fbe2be8b7ef68454bc6.php]
[ Nov 07 2014 10:49:14 ] [var/plain_site/cache/translation/ffd42c3d9ba139a00bfbf35cd9c5e7ac/fre-FR/6b7aef5a54c5ee709f2663a42f2646d7.php]
[ Nov 07 2014 10:49:14 ] [var/plain_site/cache/translation/ffd42c3d9ba139a00bfbf35cd9c5e7ac/fre-FR/d7c297709d7b6c91720d61d2aef49e7b.php]
[ Nov 07 2014 10:49:14 ] [var/plain_site/cache/translation/ffd42c3d9ba139a00bfbf35cd9c5e7ac/fre-FR/1333385cbcef55b40a339520a645427f.php]
[ Nov 07 2014 10:49:14 ] [var/cache/ini/debug-a6bb9bf3d38a128a8cf2fb686f0edf60.php]
[ Nov 07 2014 10:49:14 ] [var/plain_site/cache/translation/ffd42c3d9ba139a00bfbf35cd9c5e7ac/fre-FR/b1d8733708d8a8df39bf2efeac82186b.php]
[ Nov 07 2014 10:49:14 ] [var/plain_site/cache/translation/ffd42c3d9ba139a00bfbf35cd9c5e7ac/fre-FR/d11fe65c3d8c681abbff827365106b24.php]
[ Nov 07 2014 10:49:14 ] [var/plain_site/cache/translation/ffd42c3d9ba139a00bfbf35cd9c5e7ac/fre-FR/8fd18226acb14e5346711e18e7d1a536.php]
[ Nov 07 2014 10:49:14 ] [var/plain_site/cache/translation/ffd42c3d9ba139a00bfbf35cd9c5e7ac/fre-FR/3bb945a0d9ac47be81d5bc1355d41c65.php]
[ Nov 07 2014 10:49:14 ] [var/plain_site/cache/translation/ffd42c3d9ba139a00bfbf35cd9c5e7ac/fre-FR/8b181cddef7bb285d51fbf3cb9126d35.php]
[ Nov 07 2014 10:49:14 ] [var/plain_site/cache/translation/ffd42c3d9ba139a00bfbf35cd9c5e7ac/fre-FR/45a867721700bbdff78aa95e4965a460.php]
[ Nov 07 2014 10:49:14 ] [var/plain_site/cache/translation/ffd42c3d9ba139a00bfbf35cd9c5e7ac/fre-FR/f548c8313a8f2076748b6069a44f0c01.php]
[ Nov 07 2014 10:49:14 ] [var/plain_site/cache/translation/ffd42c3d9ba139a00bfbf35cd9c5e7ac/fre-FR/e5593983b84bf866abab665c63bf8180.php]
[ Nov 07 2014 10:49:14 ] [var/plain_site/cache/translation/ffd42c3d9ba139a00bfbf35cd9c5e7ac/fre-FR/a3e18e7bc75803b84487633febe2b4c0.php]
[ Nov 07 2014 10:49:14 ] [var/plain_site/cache/translation/ffd42c3d9ba139a00bfbf35cd9c5e7ac/fre-FR/15b28dd6cab18367958292777bff1965.php]
[ Nov 07 2014 10:49:14 ] [var/cache/ini/template-3f788f83827b140bb3df56a232ec9224.php]
[ Nov 07 2014 10:49:14 ] [var/plain_site/cache/translation/ffd42c3d9ba139a00bfbf35cd9c5e7ac/fre-FR/1574328ce790283d123e0c4b316a9491.php]
[ Nov 07 2014 10:49:14 ] [var/plain_site/cache/translation/ffd42c3d9ba139a00bfbf35cd9c5e7ac/fre-FR/7e66c1d7d7ca3f2160e55b623e3ca632.php]
[ Nov 07 2014 10:49:14 ] [var/plain_site/cache/translation/ffd42c3d9ba139a00bfbf35cd9c5e7ac/fre-FR/2ef5145c7383bc4f9a2f4b276530c5ac.php]
[ Nov 07 2014 10:49:14 ] [var/plain_site/cache/translation/ffd42c3d9ba139a00bfbf35cd9c5e7ac/fre-FR/e1865bb9511c2e58519696970e878347.php]
[ Nov 07 2014 10:49:14 ] [var/plain_site/cache/translation/ffd42c3d9ba139a00bfbf35cd9c5e7ac/fre-FR/f8f9556ff690dd8ee15b9eb67eaf89ed.php]
[ Nov 07 2014 10:49:14 ] [var/plain_site/cache/translation/ffd42c3d9ba139a00bfbf35cd9c5e7ac/fre-FR/c1579644ebe1737341d3b36a8b49b436.php]
[ Nov 07 2014 10:49:14 ] [var/plain_site/cache/translation/ffd42c3d9ba139a00bfbf35cd9c5e7ac/fre-FR/a586266882239d531fc73588e704f455.php]
[ Nov 07 2014 10:49:14 ] [var/plain_site/cache/translation/ffd42c3d9ba139a00bfbf35cd9c5e7ac/fre-FR/650b8a8038289d93cf103aaa7e1a469f.php]
[ Nov 07 2014 10:49:15 ] [var/plain_site/cache/translation/ffd42c3d9ba139a00bfbf35cd9c5e7ac/fre-FR/bb1b35ef5dc34568ffed35d2fd226b7e.php]
[ Nov 07 2014 10:49:15 ] [var/plain_site/cache/translation/ffd42c3d9ba139a00bfbf35cd9c5e7ac/fre-FR/16a0cc7b534fea5f4092b8f8ff6acf55.php]
[ Nov 07 2014 10:49:15 ] [var/cache/ini/override-214d0d497b6d392f205cfa4a758c1371.php]
[ Nov 07 2014 10:49:15 ] [var/plain_site/cache/translation/ffd42c3d9ba139a00bfbf35cd9c5e7ac/fre-FR/07b4b64be5d0a2be01cf66041516d98d.php]
[ Nov 07 2014 10:49:15 ] [var/plain_site/cache/translation/ffd42c3d9ba139a00bfbf35cd9c5e7ac/fre-FR/aeed7d025634ff244176b23f18b6bac7.php]
[ Nov 07 2014 10:49:15 ] [var/plain_site/cache/translation/ffd42c3d9ba139a00bfbf35cd9c5e7ac/fre-FR/09b17593eec252334f55bf2486e378f8.php]
[ Nov 07 2014 10:49:15 ] [var/plain_site/cache/translation/ffd42c3d9ba139a00bfbf35cd9c5e7ac/fre-FR/2a86eb8e754dd7aae2e6805dc18d619d.php]
[ Nov 07 2014 10:49:15 ] [var/plain_site/cache/translation/ffd42c3d9ba139a00bfbf35cd9c5e7ac/fre-FR/afaa90fb30777aa167f4018bf7be8a86.php]
[ Nov 07 2014 10:49:15 ] [var/plain_site/cache/translation/ffd42c3d9ba139a00bfbf35cd9c5e7ac/fre-FR/cf521a9885db8b5fc1cbdf7fcf8999a0.php]
[ Nov 07 2014 10:49:15 ] [var/plain_site/cache/translation/ffd42c3d9ba139a00bfbf35cd9c5e7ac/fre-FR/8c49d63bafa24ad507e630d655fc6181.php]
[ Nov 07 2014 10:49:15 ] [var/cache/ini/design-8728b785555dee88bd71de4b69b2010b.php]
[ Nov 07 2014 10:49:15 ] [var/plain_site/cache/translation/ffd42c3d9ba139a00bfbf35cd9c5e7ac/fre-FR/fcc6affcf39fe6e846ac4420dc89a91d.php]
[ Nov 07 2014 10:49:15 ] [var/plain_site/cache/translation/ffd42c3d9ba139a00bfbf35cd9c5e7ac/fre-FR/642756cb7c1cba8e5474914553f1a3d6.php]
[ Nov 07 2014 10:49:15 ] [var/plain_site/cache/translation/ffd42c3d9ba139a00bfbf35cd9c5e7ac/fre-FR/307d19a4b79c9d07acd398a8002f9e7f.php]
[ Nov 07 2014 10:49:15 ] [var/plain_site/cache/translation/ffd42c3d9ba139a00bfbf35cd9c5e7ac/fre-FR/4da78089051716a225f3ed9b633dd277.php]
[ Nov 07 2014 10:49:15 ] [var/plain_site/cache/translation/ffd42c3d9ba139a00bfbf35cd9c5e7ac/fre-FR/3cb5e028c893807c13c27a8de8f26e7a.php]
[ Nov 07 2014 10:49:15 ] [var/plain_site/cache/translation/ffd42c3d9ba139a00bfbf35cd9c5e7ac/fre-FR/791b1762e60c7fd2f70a3f256a85bf15.php]
[ Nov 07 2014 10:49:15 ] [var/plain_site/cache/translation/ffd42c3d9ba139a00bfbf35cd9c5e7ac/fre-FR/c172ec7b4f46e28a408165f2b6bf483c.php]
[ Nov 07 2014 10:49:15 ] [var/plain_site/cache/translation/ffd42c3d9ba139a00bfbf35cd9c5e7ac/fre-FR/d4f397cc85197c4eac4a8dfdfebe7e42.php]
[ Nov 07 2014 10:49:15 ] [var/plain_site/cache/translation/ffd42c3d9ba139a00bfbf35cd9c5e7ac/fre-FR/df37b9c150a60874667eb427d329d345.php]
[ Nov 07 2014 10:49:15 ] [var/plain_site/cache/translation/ffd42c3d9ba139a00bfbf35cd9c5e7ac/fre-FR/473f0131a05df64387972ac6c7ba5e25.php]
[ Nov 07 2014 10:49:15 ] [var/plain_site/cache/translation/ffd42c3d9ba139a00bfbf35cd9c5e7ac/fre-FR/379208f1ed4615c0394eba9711e17199.php]
[ Nov 07 2014 10:49:15 ] [var/plain_site/cache/translation/ffd42c3d9ba139a00bfbf35cd9c5e7ac/fre-FR/0622472e5668e6bbac125d7705bc59c4.php]
[ Nov 07 2014 10:49:15 ] [var/plain_site/cache/translation/ffd42c3d9ba139a00bfbf35cd9c5e7ac/fre-FR/e6982809d28aee46d7ccfea590257e1e.php]
[ Nov 07 2014 10:49:15 ] [var/plain_site/cache/translation/ffd42c3d9ba139a00bfbf35cd9c5e7ac/fre-FR/704209bb922cc08f7bb13aaf2bca8343.php]
[ Nov 07 2014 10:49:15 ] [var/plain_site/cache/translation/ffd42c3d9ba139a00bfbf35cd9c5e7ac/fre-FR/ff246da9ed446182bafe7f6b8b7d721e.php]
[ Nov 07 2014 10:49:15 ] [var/plain_site/cache/translation/ffd42c3d9ba139a00bfbf35cd9c5e7ac/fre-FR/346be7983e710257d4bb5c63902ab5b2.php]
[ Nov 07 2014 10:49:15 ] [var/plain_site/cache/translation/ffd42c3d9ba139a00bfbf35cd9c5e7ac/fre-FR/2be9eb7bcb12382633fe3dbc1798ebe3.php]
[ Nov 07 2014 10:49:15 ] [var/plain_site/cache/translation/ffd42c3d9ba139a00bfbf35cd9c5e7ac/fre-FR/1eaf26ccf870941bb2988826efc23f1e.php]
[ Nov 07 2014 10:49:15 ] [var/plain_site/cache/translation/ffd42c3d9ba139a00bfbf35cd9c5e7ac/fre-FR/f810eab40cd8ea0e3c91f408405dcaa8.php]
[ Nov 07 2014 10:49:15 ] [var/plain_site/cache/translation/ffd42c3d9ba139a00bfbf35cd9c5e7ac/fre-FR/cad1e8e06cef2534182e636cdaa00fbf.php]
[ Nov 07 2014 10:49:15 ] [var/plain_site/cache/translation/ffd42c3d9ba139a00bfbf35cd9c5e7ac/fre-FR/d2b8740bda734b72c6becc643e532a50.php]
[ Nov 07 2014 10:49:15 ] [var/plain_site/cache/translation/ffd42c3d9ba139a00bfbf35cd9c5e7ac/fre-FR/a44bd2be89e5590ae47a3356a60ecb92.php]
[ Nov 07 2014 10:49:15 ] [var/plain_site/cache/translation/ffd42c3d9ba139a00bfbf35cd9c5e7ac/fre-FR/ce7024e0738fe038484d9bd6de5a9fcc.php]
[ Nov 07 2014 10:49:15 ] [var/plain_site/cache/translation/ffd42c3d9ba139a00bfbf35cd9c5e7ac/fre-FR/5a5edc5a124d5136d3e86b22f659a06f.php]
[ Nov 07 2014 10:49:15 ] [var/plain_site/cache/translation/ffd42c3d9ba139a00bfbf35cd9c5e7ac/fre-FR/579613e7ce5d1c3490d2c5513ca9cc40.php]
[ Nov 07 2014 10:49:15 ] [var/plain_site/cache/translation/ffd42c3d9ba139a00bfbf35cd9c5e7ac/fre-FR/4c4a13db928fdfd498e6ba04301504c6.php]
[ Nov 07 2014 10:49:15 ] [var/plain_site/cache/translation/ffd42c3d9ba139a00bfbf35cd9c5e7ac/fre-FR/013fd924da722b5ca5443d162599093a.php]
[ Nov 07 2014 10:49:15 ] [var/plain_site/cache/translation/ffd42c3d9ba139a00bfbf35cd9c5e7ac/fre-FR/b9c3c41b41662b6c567e025760e4014a.php]
[ Nov 07 2014 10:49:15 ] [var/plain_site/cache/translation/ffd42c3d9ba139a00bfbf35cd9c5e7ac/fre-FR/f8ea64cc1ccf895ebf28ca4ef8d2f522.php]
[ Nov 07 2014 10:49:15 ] [var/plain_site/cache/translation/ffd42c3d9ba139a00bfbf35cd9c5e7ac/fre-FR/86ac527ad092ee2a0002b85ef5f2c717.php]
[ Nov 07 2014 10:49:15 ] [var/plain_site/cache/translation/ffd42c3d9ba139a00bfbf35cd9c5e7ac/fre-FR/deebfed2cfaed96c638a5cebfda274f0.php]
[ Nov 07 2014 10:49:15 ] [var/plain_site/cache/translation/ffd42c3d9ba139a00bfbf35cd9c5e7ac/fre-FR/a069991d73faf3f8612e4714ae6c8760.php]
[ Nov 07 2014 10:49:15 ] [var/plain_site/cache/translation/ffd42c3d9ba139a00bfbf35cd9c5e7ac/fre-FR/8c763b95201549332e755fabafd0c170.php]
[ Nov 07 2014 10:49:15 ] [var/plain_site/cache/translation/ffd42c3d9ba139a00bfbf35cd9c5e7ac/fre-FR/53a9fcef22fcb84a914b650d1351943f.php]
[ Nov 07 2014 10:49:15 ] [var/plain_site/cache/translation/ffd42c3d9ba139a00bfbf35cd9c5e7ac/fre-FR/b2daebb7d57bfe00aa1d94c65d842638.php]
[ Nov 07 2014 10:49:15 ] [var/plain_site/cache/translation/ffd42c3d9ba139a00bfbf35cd9c5e7ac/fre-FR/0f397625cc78bd3ec5ac823ba8ddba13.php]
[ Nov 07 2014 10:49:15 ] [var/plain_site/cache/translation/ffd42c3d9ba139a00bfbf35cd9c5e7ac/fre-FR/2deaf73fbdb30373798bff18c18ac53a.php]
[ Nov 07 2014 10:49:15 ] [var/plain_site/cache/translation/ffd42c3d9ba139a00bfbf35cd9c5e7ac/fre-FR/00ce4c087368a5e46142dfcdfe8ee6c7.php]
[ Nov 07 2014 10:49:15 ] [var/plain_site/cache/translation/ffd42c3d9ba139a00bfbf35cd9c5e7ac/fre-FR/39f30c5cb3b01b4eb8ca09d343488898.php]
[ Nov 07 2014 10:49:15 ] [var/plain_site/cache/translation/ffd42c3d9ba139a00bfbf35cd9c5e7ac/fre-FR/775a76194f44c33a307d8edc721e50b7.php]
[ Nov 07 2014 10:49:15 ] [var/plain_site/cache/translation/ffd42c3d9ba139a00bfbf35cd9c5e7ac/fre-FR/003c88ebdec897f3b55e9acc0406ef78.php]
[ Nov 07 2014 10:49:15 ] [var/plain_site/cache/translation/ffd42c3d9ba139a00bfbf35cd9c5e7ac/fre-FR/2d2466bcdf6093ed8e5ca73be4c2e918.php]
[ Nov 07 2014 10:49:15 ] [var/plain_site/cache/translation/ffd42c3d9ba139a00bfbf35cd9c5e7ac/fre-FR/44462935b3efeff2d7985daf2581e840.php]
[ Nov 07 2014 10:49:15 ] [var/plain_site/cache/translation/ffd42c3d9ba139a00bfbf35cd9c5e7ac/fre-FR/1f4e88f0b8c48c7e4f33fb49f031bd5d.php]
[ Nov 07 2014 10:49:15 ] [var/plain_site/cache/translation/ffd42c3d9ba139a00bfbf35cd9c5e7ac/fre-FR/20fdcaf3348d79cce748abcaded08a15.php]
[ Nov 07 2014 10:49:15 ] [var/plain_site/cache/translation/ffd42c3d9ba139a00bfbf35cd9c5e7ac/fre-FR/0a83ae2874dddbf4e8a86e77f19b0cce.php]
[ Nov 07 2014 10:49:15 ] [var/plain_site/cache/translation/ffd42c3d9ba139a00bfbf35cd9c5e7ac/fre-FR/6ac0ebe2fc56f01920ee4b69583f4c46.php]
[ Nov 07 2014 10:49:15 ] [var/plain_site/cache/translation/ffd42c3d9ba139a00bfbf35cd9c5e7ac/fre-FR/6defe3e5c4b3845d1e0bab868553d192.php]
[ Nov 07 2014 10:49:15 ] [var/plain_site/cache/translation/ffd42c3d9ba139a00bfbf35cd9c5e7ac/fre-FR/55212a5b7f9af8f061aeff36413e94ba.php]
[ Nov 07 2014 10:49:15 ] [var/plain_site/cache/translation/ffd42c3d9ba139a00bfbf35cd9c5e7ac/fre-FR/7f6e5eb856963abcb6f206e39ba51c03.php]
[ Nov 07 2014 10:49:15 ] [var/plain_site/cache/translation/ffd42c3d9ba139a00bfbf35cd9c5e7ac/fre-FR/a45c0bcfcd30301409525a52f0cfe1e7.php]
[ Nov 07 2014 10:49:15 ] [var/plain_site/cache/translation/ffd42c3d9ba139a00bfbf35cd9c5e7ac/fre-FR/d3b4a9bc0623e5ae6e592130eee287d3.php]
[ Nov 07 2014 10:49:15 ] [var/plain_site/cache/translation/ffd42c3d9ba139a00bfbf35cd9c5e7ac/fre-FR/bf8e5a88333c5b328f61771b1546dffb.php]
[ Nov 07 2014 10:49:15 ] [var/plain_site/cache/translation/ffd42c3d9ba139a00bfbf35cd9c5e7ac/fre-FR/035203e110c8f59a61e0e197468a0108.php]
[ Nov 07 2014 10:49:15 ] [var/plain_site/cache/translation/ffd42c3d9ba139a00bfbf35cd9c5e7ac/fre-FR/283c1434da3eef165f87e28a3d149889.php]
[ Nov 07 2014 10:49:15 ] [var/plain_site/cache/translation/ffd42c3d9ba139a00bfbf35cd9c5e7ac/fre-FR/aac4621c5af038655d418baf287ac2e9.php]
[ Nov 07 2014 10:49:15 ] [var/plain_site/cache/translation/ffd42c3d9ba139a00bfbf35cd9c5e7ac/fre-FR/dcdb97ae4e62e985a507084f4dc40400.php]
[ Nov 07 2014 10:49:15 ] [var/plain_site/cache/translation/ffd42c3d9ba139a00bfbf35cd9c5e7ac/fre-FR/866061d5768717f2d08a6b1bf96fd534.php]
[ Nov 07 2014 10:49:15 ] [var/plain_site/cache/translation/ffd42c3d9ba139a00bfbf35cd9c5e7ac/fre-FR/03b93701997358cbb17cc2014e7a11de.php]
[ Nov 07 2014 10:49:15 ] [var/plain_site/cache/translation/ffd42c3d9ba139a00bfbf35cd9c5e7ac/fre-FR/eb34cb441e089dae779efb0a5f2ddaa1.php]
[ Nov 07 2014 10:49:15 ] [var/plain_site/cache/translation/ffd42c3d9ba139a00bfbf35cd9c5e7ac/fre-FR/ceb49f5ab60ba9af93c2428dbaf72c7f.php]
[ Nov 07 2014 10:49:15 ] [var/plain_site/cache/translation/ffd42c3d9ba139a00bfbf35cd9c5e7ac/fre-FR/01d6acf7f48565a2a56880b7c1ddecaf.php]
[ Nov 07 2014 10:49:15 ] [var/plain_site/cache/translation/ffd42c3d9ba139a00bfbf35cd9c5e7ac/fre-FR/4a0a512292717f44b982aa84a584a28f.php]
[ Nov 07 2014 10:49:15 ] [var/plain_site/cache/translation/ffd42c3d9ba139a00bfbf35cd9c5e7ac/fre-FR/8962bcbab0bc7520a2bdfaa646bb756a.php]
[ Nov 07 2014 10:49:15 ] [var/plain_site/cache/translation/ffd42c3d9ba139a00bfbf35cd9c5e7ac/fre-FR/e3e33c8031d797741fb3085b9595230c.php]
[ Nov 07 2014 10:49:15 ] [var/plain_site/cache/translation/ffd42c3d9ba139a00bfbf35cd9c5e7ac/fre-FR/6ab5f5e0326790c502baa0bb0771bea6.php]
[ Nov 07 2014 10:49:15 ] [var/plain_site/cache/translation/ffd42c3d9ba139a00bfbf35cd9c5e7ac/fre-FR/e4f83dd202f97b25a204a833dcc2d389.php]
[ Nov 07 2014 10:49:15 ] [var/plain_site/cache/translation/ffd42c3d9ba139a00bfbf35cd9c5e7ac/fre-FR/d7b0e907b7c96934caf3707bd851e74d.php]
[ Nov 07 2014 10:49:15 ] [var/plain_site/cache/translation/ffd42c3d9ba139a00bfbf35cd9c5e7ac/fre-FR/bf0475059af2e56065a143c052e1400d.php]
[ Nov 07 2014 10:49:15 ] [var/plain_site/cache/translation/ffd42c3d9ba139a00bfbf35cd9c5e7ac/fre-FR/10a22d511ea03ee84ab1b696b794c15c.php]
[ Nov 07 2014 10:49:15 ] [var/plain_site/cache/translation/ffd42c3d9ba139a00bfbf35cd9c5e7ac/fre-FR/f2a5dc58406e4a041c7676b921a1ca92.php]
[ Nov 07 2014 10:49:15 ] [var/plain_site/cache/translation/ffd42c3d9ba139a00bfbf35cd9c5e7ac/fre-FR/e90c75ebc1e54c68d611a96ea141c80e.php]
[ Nov 07 2014 10:49:15 ] [var/plain_site/cache/translation/ffd42c3d9ba139a00bfbf35cd9c5e7ac/fre-FR/230b0f392c5b506df93480cff3ce021d.php]
[ Nov 07 2014 10:49:15 ] [var/plain_site/cache/translation/ffd42c3d9ba139a00bfbf35cd9c5e7ac/fre-FR/4fcdc576390a100ab4c73d7d65ccf232.php]
[ Nov 07 2014 10:49:15 ] [var/plain_site/cache/translation/ffd42c3d9ba139a00bfbf35cd9c5e7ac/fre-FR/8191ee2c6d9b4aa4c508ffbe19b90b67.php]
[ Nov 07 2014 10:49:15 ] [var/plain_site/cache/translation/ffd42c3d9ba139a00bfbf35cd9c5e7ac/fre-FR/567f9d14bb6e18fbba9d06ad5588b8b6.php]
[ Nov 07 2014 10:49:15 ] [var/plain_site/cache/translation/ffd42c3d9ba139a00bfbf35cd9c5e7ac/fre-FR/4fb1ad375a273452af0b423d44793bb3.php]
[ Nov 07 2014 10:49:15 ] [var/plain_site/cache/translation/ffd42c3d9ba139a00bfbf35cd9c5e7ac/fre-FR/73acdfc1bb28ae2b9fc5cd93e60936ad.php]
[ Nov 07 2014 10:49:15 ] [var/plain_site/cache/translation/ffd42c3d9ba139a00bfbf35cd9c5e7ac/fre-FR/9ed63952e8e63457b3cb15de8d9f746a.php]
[ Nov 07 2014 10:49:15 ] [var/plain_site/cache/translation/ffd42c3d9ba139a00bfbf35cd9c5e7ac/fre-FR/cf7cc4916832234a4a8391ff73e2ac44.php]
[ Nov 07 2014 10:49:15 ] [var/plain_site/cache/translation/ffd42c3d9ba139a00bfbf35cd9c5e7ac/fre-FR/fc69687a6ff04f2f429ba47d7767f8f4.php]
[ Nov 07 2014 10:49:15 ] [var/plain_site/cache/translation/ffd42c3d9ba139a00bfbf35cd9c5e7ac/fre-FR/6ee82949341c954c86f84298969b871f.php]
[ Nov 07 2014 10:49:15 ] [var/plain_site/cache/translation/ffd42c3d9ba139a00bfbf35cd9c5e7ac/fre-FR/254fb8a20c76bf196d3cdfbe626bcf43.php]
[ Nov 07 2014 10:49:15 ] [var/plain_site/cache/translation/ffd42c3d9ba139a00bfbf35cd9c5e7ac/fre-FR/cafbceea2b3ac7102bfc1093df585bcd.php]
[ Nov 07 2014 10:49:15 ] [var/plain_site/cache/translation/ffd42c3d9ba139a00bfbf35cd9c5e7ac/fre-FR/7b8dc971219e86d12dd709a4310a65e2.php]
[ Nov 07 2014 10:49:15 ] [var/plain_site/cache/translation/ffd42c3d9ba139a00bfbf35cd9c5e7ac/fre-FR/ae5630094d354c873a9843db904aaca5.php]
[ Nov 07 2014 10:49:15 ] [var/plain_site/cache/translation/ffd42c3d9ba139a00bfbf35cd9c5e7ac/fre-FR/740b02d763cc6692d7f129882e795924.php]
[ Nov 07 2014 10:49:15 ] [var/plain_site/cache/translation/ffd42c3d9ba139a00bfbf35cd9c5e7ac/fre-FR/ca477281960a0abf6238836388def25a.php]
[ Nov 07 2014 10:49:15 ] [var/plain_site/cache/translation/ffd42c3d9ba139a00bfbf35cd9c5e7ac/fre-FR/900a6168b18da700caa995733022fe62.php]
[ Nov 07 2014 10:49:15 ] [var/plain_site/cache/translation/ffd42c3d9ba139a00bfbf35cd9c5e7ac/fre-FR/3624580305391386a9333c0aeb2b093b.php]
[ Nov 07 2014 10:49:15 ] [var/plain_site/cache/translation/ffd42c3d9ba139a00bfbf35cd9c5e7ac/fre-FR/52bbb259580da45b4ce4a184c03185db.php]
[ Nov 07 2014 10:49:15 ] [var/plain_site/cache/translation/ffd42c3d9ba139a00bfbf35cd9c5e7ac/fre-FR/b304d78d4534c4a301dd89c8caa36a91.php]
[ Nov 07 2014 10:49:15 ] [var/plain_site/cache/translation/ffd42c3d9ba139a00bfbf35cd9c5e7ac/fre-FR/de3ab67e8609d595e44348376ae18313.php]
[ Nov 07 2014 10:49:15 ] [var/plain_site/cache/translation/ffd42c3d9ba139a00bfbf35cd9c5e7ac/fre-FR/badd2226496c7f5093676d8285ae9f26.php]
[ Nov 07 2014 10:49:15 ] [var/plain_site/cache/translation/ffd42c3d9ba139a00bfbf35cd9c5e7ac/fre-FR/95f9f8fddcadad4d9014b49e2ebf8dee.php]
[ Nov 07 2014 10:49:15 ] [var/plain_site/cache/translation/ffd42c3d9ba139a00bfbf35cd9c5e7ac/fre-FR/81dbd484e0054f625464b6d7f39bdec0.php]
[ Nov 07 2014 10:49:15 ] [var/plain_site/cache/translation/ffd42c3d9ba139a00bfbf35cd9c5e7ac/fre-FR/69c19e133b241fd16c50eaf3e6754c0c.php]
[ Nov 07 2014 10:49:15 ] [var/plain_site/cache/translation/ffd42c3d9ba139a00bfbf35cd9c5e7ac/fre-FR/13430d563bb12e87caf4e889b0ed5c6d.php]
[ Nov 07 2014 10:49:15 ] [var/plain_site/cache/translation/ffd42c3d9ba139a00bfbf35cd9c5e7ac/fre-FR/b873a59de536a54cc462067c2d095d3b.php]
[ Nov 07 2014 10:49:15 ] [var/plain_site/cache/translation/ffd42c3d9ba139a00bfbf35cd9c5e7ac/fre-FR/27256f953ffe50fd579ec13d8bbf3d5a.php]
[ Nov 07 2014 10:49:15 ] [var/plain_site/cache/translation/ffd42c3d9ba139a00bfbf35cd9c5e7ac/fre-FR/485e0d90a6bf35369fa67d395035f27e.php]
[ Nov 07 2014 10:49:15 ] [var/plain_site/cache/translation/ffd42c3d9ba139a00bfbf35cd9c5e7ac/fre-FR/0198d8cfe975671565c8ced6fca5a574.php]
[ Nov 07 2014 10:49:15 ] [var/plain_site/cache/translation/ffd42c3d9ba139a00bfbf35cd9c5e7ac/fre-FR/95f5de6d27265d9fe91a0c516f3ba12c.php]
[ Nov 07 2014 10:49:15 ] [var/plain_site/cache/translation/ffd42c3d9ba139a00bfbf35cd9c5e7ac/fre-FR/b0651e3c4cc7e5d095da736ed47f4768.php]
[ Nov 07 2014 10:49:15 ] [var/plain_site/cache/translation/ffd42c3d9ba139a00bfbf35cd9c5e7ac/fre-FR/37ff61c34c115368c05ab58fc0b12e10.php]
[ Nov 07 2014 10:49:15 ] [var/plain_site/cache/translation/ffd42c3d9ba139a00bfbf35cd9c5e7ac/fre-FR/b0e18f3b1e70b58415518bf6036a61b6.php]
[ Nov 07 2014 10:49:15 ] [var/plain_site/cache/translation/ffd42c3d9ba139a00bfbf35cd9c5e7ac/fre-FR/90c95742aef7eea870888808cdefda6e.php]
[ Nov 07 2014 10:49:15 ] [var/plain_site/cache/translation/ffd42c3d9ba139a00bfbf35cd9c5e7ac/fre-FR/a01a8324a22d9d3504fb461c4d25da15.php]
[ Nov 07 2014 10:49:15 ] [var/plain_site/cache/translation/ffd42c3d9ba139a00bfbf35cd9c5e7ac/fre-FR/693bac62532b23c8178350bbfda1e59b.php]
[ Nov 07 2014 10:49:15 ] [var/plain_site/cache/translation/ffd42c3d9ba139a00bfbf35cd9c5e7ac/fre-FR/178946974e4a8f67469885c183b6cbf6.php]
[ Nov 07 2014 10:49:15 ] [var/plain_site/cache/translation/ffd42c3d9ba139a00bfbf35cd9c5e7ac/fre-FR/5151236d51921f836f9595214c38b12d.php]
[ Nov 07 2014 10:49:15 ] [var/plain_site/cache/translation/ffd42c3d9ba139a00bfbf35cd9c5e7ac/fre-FR/faf4143dbaf7caf6a95db7caf9f91805.php]
[ Nov 07 2014 10:49:15 ] [var/plain_site/cache/translation/ffd42c3d9ba139a00bfbf35cd9c5e7ac/fre-FR/261a6d14b57a018451aaeb426b3057ce.php]
[ Nov 07 2014 10:49:15 ] [var/plain_site/cache/translation/ffd42c3d9ba139a00bfbf35cd9c5e7ac/fre-FR/d5dbbbaf9a20fa148456c1d74f798f5f.php]
[ Nov 07 2014 10:49:15 ] [var/plain_site/cache/translation/ffd42c3d9ba139a00bfbf35cd9c5e7ac/fre-FR/d215dd3c1e3bc1360c06e7e6bfb995c5.php]
[ Nov 07 2014 10:49:15 ] [var/plain_site/cache/translation/ffd42c3d9ba139a00bfbf35cd9c5e7ac/fre-FR/4ca436bb69eecab7876fcdb7075da69f.php]
[ Nov 07 2014 10:49:15 ] [var/plain_site/cache/translation/ffd42c3d9ba139a00bfbf35cd9c5e7ac/fre-FR/6a4abbeaa22c6bf219c7a6dd29358d76.php]
[ Nov 07 2014 10:49:15 ] [var/plain_site/cache/translation/ffd42c3d9ba139a00bfbf35cd9c5e7ac/fre-FR/0435e7326b5515e9a7d4067b44af2422.php]
[ Nov 07 2014 10:49:15 ] [var/plain_site/cache/translation/ffd42c3d9ba139a00bfbf35cd9c5e7ac/fre-FR/652485fe3d072480f25a340406991180.php]
[ Nov 07 2014 10:49:15 ] [var/plain_site/cache/translation/ffd42c3d9ba139a00bfbf35cd9c5e7ac/fre-FR/e25bf97d979890b799362693249d984f.php]
[ Nov 07 2014 10:49:15 ] [var/plain_site/cache/translation/ffd42c3d9ba139a00bfbf35cd9c5e7ac/fre-FR/24fa9dbcb4de0dabf7e0e318a965949f.php]
[ Nov 07 2014 10:49:15 ] [var/plain_site/cache/translation/ffd42c3d9ba139a00bfbf35cd9c5e7ac/fre-FR/59a65041a7f134c5b7fce487e2768a28.php]
[ Nov 07 2014 10:49:15 ] [var/plain_site/cache/translation/ffd42c3d9ba139a00bfbf35cd9c5e7ac/fre-FR/00707c9b3a97ef5aebdb49edd6ed1bbc.php]
[ Nov 07 2014 10:49:15 ] [var/plain_site/cache/translation/ffd42c3d9ba139a00bfbf35cd9c5e7ac/fre-FR/55ff6524f6bf3b2fe6c96eaaf4e6338c.php]
[ Nov 07 2014 10:49:15 ] [var/plain_site/cache/translation/ffd42c3d9ba139a00bfbf35cd9c5e7ac/fre-FR/f885271c5ca0373759c4d046ce5424cf.php]
[ Nov 07 2014 10:49:15 ] [var/plain_site/cache/translation/ffd42c3d9ba139a00bfbf35cd9c5e7ac/fre-FR/34c2fa61bee0805271f129a0ec7ae2cd.php]
[ Nov 07 2014 10:49:15 ] [var/plain_site/cache/translation/ffd42c3d9ba139a00bfbf35cd9c5e7ac/fre-FR/18fc45fb194d71b8aa0f8a3c35601257.php]
[ Nov 07 2014 10:49:15 ] [var/plain_site/cache/translation/ffd42c3d9ba139a00bfbf35cd9c5e7ac/fre-FR/c92330fa37c82c671b9c3ce75fcc9550.php]
[ Nov 07 2014 10:49:15 ] [var/plain_site/cache/translation/ffd42c3d9ba139a00bfbf35cd9c5e7ac/fre-FR/07f5782e0ccfb1cdb65b4da8faac204b.php]
[ Nov 07 2014 10:49:15 ] [var/plain_site/cache/translation/ffd42c3d9ba139a00bfbf35cd9c5e7ac/fre-FR/8d56c63fe0451888626f6159c887219d.php]
[ Nov 07 2014 10:49:15 ] [var/plain_site/cache/translation/ffd42c3d9ba139a00bfbf35cd9c5e7ac/fre-FR/7f2dd4ed77fd0e861e9312f3b7838df8.php]
[ Nov 07 2014 10:49:15 ] [var/plain_site/cache/translation/ffd42c3d9ba139a00bfbf35cd9c5e7ac/fre-FR/4230bd449291fd8a50b0e50f39313ba8.php]
[ Nov 07 2014 10:49:15 ] [var/plain_site/cache/translation/ffd42c3d9ba139a00bfbf35cd9c5e7ac/fre-FR/07061efe66be9a3688a315b6e4f71fd8.php]
[ Nov 07 2014 10:49:15 ] [var/plain_site/cache/translation/ffd42c3d9ba139a00bfbf35cd9c5e7ac/fre-FR/d35ad9a6e9ecafd1f1c43d03788a08d2.php]
[ Nov 07 2014 10:49:15 ] [var/plain_site/cache/translation/ffd42c3d9ba139a00bfbf35cd9c5e7ac/fre-FR/a0031350975237bb56c5c1d4b1f1994c.php]
[ Nov 07 2014 10:49:15 ] [var/plain_site/cache/translation/ffd42c3d9ba139a00bfbf35cd9c5e7ac/fre-FR/715915cf2858609633247e4c79f7227e.php]
[ Nov 07 2014 10:49:15 ] [var/plain_site/cache/translation/ffd42c3d9ba139a00bfbf35cd9c5e7ac/fre-FR/fcf6cac23fe50585d3796b415445c27d.php]
[ Nov 07 2014 10:49:15 ] [var/plain_site/cache/translation/ffd42c3d9ba139a00bfbf35cd9c5e7ac/fre-FR/a43a1f1f3bada272885e7fe15b771dd0.php]
[ Nov 07 2014 10:49:15 ] [var/plain_site/cache/translation/ffd42c3d9ba139a00bfbf35cd9c5e7ac/fre-FR/b846297f6fb31525c3d088e8bc6262b3.php]
[ Nov 07 2014 10:49:15 ] [var/plain_site/cache/translation/ffd42c3d9ba139a00bfbf35cd9c5e7ac/fre-FR/5693be771e79c6a7c9194365d3c11151.php]
[ Nov 07 2014 10:49:15 ] [var/plain_site/cache/translation/ffd42c3d9ba139a00bfbf35cd9c5e7ac/fre-FR/b153b367e8389d105bbfd8eaa19ad369.php]
[ Nov 07 2014 10:49:15 ] [var/plain_site/cache/translation/ffd42c3d9ba139a00bfbf35cd9c5e7ac/fre-FR/92f896de4fe64660d4751c3a045c3a09.php]
[ Nov 07 2014 10:49:15 ] [var/plain_site/cache/translation/ffd42c3d9ba139a00bfbf35cd9c5e7ac/fre-FR/64180a9d21388beef011f677467318ad.php]
[ Nov 07 2014 10:49:15 ] [var/plain_site/cache/translation/ffd42c3d9ba139a00bfbf35cd9c5e7ac/fre-FR/fa434a218266a7278649327f40a63f37.php]
[ Nov 07 2014 10:49:15 ] [var/plain_site/cache/translation/ffd42c3d9ba139a00bfbf35cd9c5e7ac/fre-FR/d326a6ce4b28e69f8baeaf6e3149654a.php]
[ Nov 07 2014 10:49:15 ] [var/plain_site/cache/translation/ffd42c3d9ba139a00bfbf35cd9c5e7ac/fre-FR/1a83e680732f6d1b86fd03b9ffb14503.php]
[ Nov 07 2014 10:49:15 ] [var/plain_site/cache/translation/ffd42c3d9ba139a00bfbf35cd9c5e7ac/fre-FR/f2eb9db40d94643ee0a9bbb384b3ac6e.php]
[ Nov 07 2014 10:49:15 ] [var/plain_site/cache/translation/ffd42c3d9ba139a00bfbf35cd9c5e7ac/fre-FR/c2655ebcdc085425c1f4647a07456bbe.php]
[ Nov 07 2014 10:49:15 ] [var/plain_site/cache/translation/ffd42c3d9ba139a00bfbf35cd9c5e7ac/fre-FR/747f9374dac02373734854b245e66484.php]
[ Nov 07 2014 10:49:15 ] [var/plain_site/cache/translation/ffd42c3d9ba139a00bfbf35cd9c5e7ac/fre-FR/d3ce80a76ac0d1ba31ddbf3f7b4ff68b.php]
[ Nov 07 2014 10:49:15 ] [var/plain_site/cache/translation/ffd42c3d9ba139a00bfbf35cd9c5e7ac/fre-FR/36c053330fad2c6274987ab4c16885f4.php]
[ Nov 07 2014 10:49:15 ] [var/plain_site/cache/translation/ffd42c3d9ba139a00bfbf35cd9c5e7ac/fre-FR/f4b0c15d13d8d8d5a2a4c825f4afe18a.php]
[ Nov 07 2014 10:49:15 ] [var/plain_site/cache/translation/ffd42c3d9ba139a00bfbf35cd9c5e7ac/fre-FR/40fa1a9506ec30ae6efd663447623c77.php]
[ Nov 07 2014 10:49:15 ] [var/plain_site/cache/translation/ffd42c3d9ba139a00bfbf35cd9c5e7ac/fre-FR/3c5458a5b974ef3f6c42ca6b3fcc01de.php]
[ Nov 07 2014 10:49:15 ] [var/plain_site/cache/translation/ffd42c3d9ba139a00bfbf35cd9c5e7ac/fre-FR/41e556f15331feb661033dff03348e58.php]
[ Nov 07 2014 10:49:15 ] [var/plain_site/cache/translation/ffd42c3d9ba139a00bfbf35cd9c5e7ac/fre-FR/25cc298b6745b98aa0191ee91ccceb85.php]
[ Nov 07 2014 10:49:15 ] [var/plain_site/cache/translation/ffd42c3d9ba139a00bfbf35cd9c5e7ac/fre-FR/6c08f1fc8bd91f46dbac3502d331fa78.php]
[ Nov 07 2014 10:49:15 ] [var/plain_site/cache/translation/ffd42c3d9ba139a00bfbf35cd9c5e7ac/fre-FR/f9bfb307b980f12f8b795ca9112d9e30.php]
[ Nov 07 2014 10:49:15 ] [var/plain_site/cache/translation/ffd42c3d9ba139a00bfbf35cd9c5e7ac/fre-FR/5321a4fb737d4b2263a2b1e30aae7c2e.php]
[ Nov 07 2014 10:49:15 ] [var/plain_site/cache/translation/ffd42c3d9ba139a00bfbf35cd9c5e7ac/fre-FR/3191bf03e069b076c8e3c0721c284b6f.php]
[ Nov 07 2014 10:49:15 ] [var/plain_site/cache/translation/ffd42c3d9ba139a00bfbf35cd9c5e7ac/fre-FR/28fd0c897ead51dd711dbf67bab11ac3.php]
[ Nov 07 2014 10:49:15 ] [var/plain_site/cache/translation/ffd42c3d9ba139a00bfbf35cd9c5e7ac/fre-FR/2a00eea55b29552e9b7c608e379415c7.php]
[ Nov 07 2014 10:49:15 ] [var/plain_site/cache/translation/ffd42c3d9ba139a00bfbf35cd9c5e7ac/fre-FR/93fe76131a626159aa3ee8c0fcb1337b.php]
[ Nov 07 2014 10:49:15 ] [var/plain_site/cache/translation/ffd42c3d9ba139a00bfbf35cd9c5e7ac/fre-FR/ae61654a29460e7ac090e739e94349a5.php]
[ Nov 07 2014 10:49:15 ] [var/plain_site/cache/translation/ffd42c3d9ba139a00bfbf35cd9c5e7ac/fre-FR/1cec11db60f5f2852a50e2d1f3675bb6.php]
[ Nov 07 2014 10:49:15 ] [var/plain_site/cache/translation/ffd42c3d9ba139a00bfbf35cd9c5e7ac/fre-FR/81c61c2248deb2ab3b181ac776ff8ad4.php]
[ Nov 07 2014 10:49:15 ] [var/plain_site/cache/translation/ffd42c3d9ba139a00bfbf35cd9c5e7ac/fre-FR/d2fc072f6f72aa87ba9d31cf923827a7.php]
[ Nov 07 2014 10:49:15 ] [var/plain_site/cache/translation/ffd42c3d9ba139a00bfbf35cd9c5e7ac/fre-FR/d02df23ea679d58f5e633b7f0ab5fbb0.php]
[ Nov 07 2014 10:49:15 ] [var/plain_site/cache/translation/ffd42c3d9ba139a00bfbf35cd9c5e7ac/fre-FR/743d81b64c6182aa1474905504836999.php]
[ Nov 07 2014 10:49:15 ] [var/plain_site/cache/translation/ffd42c3d9ba139a00bfbf35cd9c5e7ac/fre-FR/12026b252f02dd6049d912a6ffd3f892.php]
[ Nov 07 2014 10:49:15 ] [var/plain_site/cache/translation/ffd42c3d9ba139a00bfbf35cd9c5e7ac/fre-FR/2d15316025fc6a40530beac5192f2c02.php]
[ Nov 07 2014 10:49:15 ] [var/plain_site/cache/translation/ffd42c3d9ba139a00bfbf35cd9c5e7ac/fre-FR/29b91fcd9e4e04e90d58ea2301912a26.php]
[ Nov 07 2014 10:49:15 ] [var/plain_site/cache/translation/ffd42c3d9ba139a00bfbf35cd9c5e7ac/fre-FR/ebbe89c25099072e4ce620e73dc63b04.php]
[ Nov 07 2014 10:49:15 ] [var/plain_site/cache/translation/ffd42c3d9ba139a00bfbf35cd9c5e7ac/fre-FR/ad6930be9b118b5ebd71c1af40ba2685.php]
[ Nov 07 2014 10:49:15 ] [var/plain_site/cache/translation/ffd42c3d9ba139a00bfbf35cd9c5e7ac/fre-FR/d87a6d479c151633a8fd7cec9d4bc47b.php]
[ Nov 07 2014 10:49:15 ] [var/plain_site/cache/translation/ffd42c3d9ba139a00bfbf35cd9c5e7ac/fre-FR/e35f191f657f7d1ed1c6e67f9a7ad1b4.php]
[ Nov 07 2014 10:49:15 ] [var/plain_site/cache/translation/ffd42c3d9ba139a00bfbf35cd9c5e7ac/fre-FR/0207849ba6493ceb81ebb0e2a7dbeee6.php]
[ Nov 07 2014 10:49:15 ] [var/plain_site/cache/translation/ffd42c3d9ba139a00bfbf35cd9c5e7ac/fre-FR/a23c7942bfc19edcda93e932450c15da.php]
[ Nov 07 2014 10:49:15 ] [var/plain_site/cache/translation/ffd42c3d9ba139a00bfbf35cd9c5e7ac/fre-FR/6b34876a11510e2e24e36057611f10a6.php]
[ Nov 07 2014 10:49:15 ] [var/plain_site/cache/translation/ffd42c3d9ba139a00bfbf35cd9c5e7ac/fre-FR/6e3a179931b514c70129018007f5023e.php]
[ Nov 07 2014 10:49:15 ] [var/plain_site/cache/translation/ffd42c3d9ba139a00bfbf35cd9c5e7ac/fre-FR/cd4d3b7c1ed9ad09b08148a79b67020b.php]
[ Nov 07 2014 10:49:15 ] [var/plain_site/cache/translation/ffd42c3d9ba139a00bfbf35cd9c5e7ac/fre-FR/a77bbd05c87ae99a207fa3708c16a80c.php]
[ Nov 07 2014 10:49:15 ] [var/plain_site/cache/translation/ffd42c3d9ba139a00bfbf35cd9c5e7ac/fre-FR/3bc69467cbdb372902370844800e8064.php]
[ Nov 07 2014 10:49:15 ] [var/plain_site/cache/translation/ffd42c3d9ba139a00bfbf35cd9c5e7ac/fre-FR/1cf4520dff524889d0f5cc8ac219d0d1.php]
[ Nov 07 2014 10:49:15 ] [var/plain_site/cache/translation/ffd42c3d9ba139a00bfbf35cd9c5e7ac/fre-FR/5fb194fe49ce0c205c10b1b2669b45d2.php]
[ Nov 07 2014 10:49:15 ] [var/plain_site/cache/translation/ffd42c3d9ba139a00bfbf35cd9c5e7ac/fre-FR/d8da37ba2022fb0569edc87ebbcd0fcd.php]
[ Nov 07 2014 10:49:15 ] [var/plain_site/cache/translation/ffd42c3d9ba139a00bfbf35cd9c5e7ac/fre-FR/b4af1deb35df99966ba615370d20df69.php]
[ Nov 07 2014 10:49:15 ] [var/plain_site/cache/translation/ffd42c3d9ba139a00bfbf35cd9c5e7ac/fre-FR/5baac6e36d2d510b84ffa965bc0e5c1d.php]
[ Nov 07 2014 10:49:15 ] [var/plain_site/cache/translation/ffd42c3d9ba139a00bfbf35cd9c5e7ac/fre-FR/dcd80b2f6dbe4f4452f0369e50e42975.php]
[ Nov 07 2014 10:49:15 ] [var/plain_site/cache/translation/ffd42c3d9ba139a00bfbf35cd9c5e7ac/fre-FR/c554081202f0522579df876fea3e245b.php]
[ Nov 07 2014 10:49:15 ] [var/plain_site/cache/translation/ffd42c3d9ba139a00bfbf35cd9c5e7ac/fre-FR/6e95492a572c3908e89deb3284c8462b.php]
[ Nov 07 2014 10:49:15 ] [var/plain_site/cache/translation/ffd42c3d9ba139a00bfbf35cd9c5e7ac/fre-FR/481518f51cf0e13018409763ff550145.php]
[ Nov 07 2014 10:49:15 ] [var/plain_site/cache/translation/ffd42c3d9ba139a00bfbf35cd9c5e7ac/fre-FR/8efd58eb43aa9bb0803848b7d2fe5c4d.php]
[ Nov 07 2014 10:49:15 ] [var/plain_site/cache/translation/ffd42c3d9ba139a00bfbf35cd9c5e7ac/fre-FR/743f115108f5ce905c7654de8c68d674.php]
[ Nov 07 2014 10:49:15 ] [var/plain_site/cache/translation/ffd42c3d9ba139a00bfbf35cd9c5e7ac/fre-FR/22fd50d21a117857dbcd6f90e51d837e.php]
[ Nov 07 2014 10:49:15 ] [var/plain_site/cache/translation/ffd42c3d9ba139a00bfbf35cd9c5e7ac/fre-FR/177522eb954ec2bb5b0cba60f6e92d02.php]
[ Nov 07 2014 10:49:15 ] [var/plain_site/cache/translation/ffd42c3d9ba139a00bfbf35cd9c5e7ac/fre-FR/8a268836a9a459c4895ee7ed7e23b894.php]
[ Nov 07 2014 10:49:15 ] [var/plain_site/cache/translation/ffd42c3d9ba139a00bfbf35cd9c5e7ac/fre-FR/ea5a8f932dd8df3d8023294c3a76030c.php]
[ Nov 07 2014 10:49:15 ] [var/plain_site/cache/translation/ffd42c3d9ba139a00bfbf35cd9c5e7ac/fre-FR/526a4b123d629561b7e4b00cf2d80405.php]
[ Nov 07 2014 10:49:15 ] [var/plain_site/cache/translation/ffd42c3d9ba139a00bfbf35cd9c5e7ac/fre-FR/650cac5072b62d063380e8a8cf627d59.php]
[ Nov 07 2014 10:49:15 ] [var/plain_site/cache/translation/ffd42c3d9ba139a00bfbf35cd9c5e7ac/fre-FR/7b5bf46247965b296929746478b2d27b.php]
[ Nov 07 2014 10:49:15 ] [var/plain_site/cache/translation/ffd42c3d9ba139a00bfbf35cd9c5e7ac/fre-FR/b12a4da1818f8abf9575a238a1c1799f.php]
[ Nov 07 2014 10:49:15 ] [var/plain_site/cache/translation/ffd42c3d9ba139a00bfbf35cd9c5e7ac/fre-FR/ee5545387875ecefdec3bb3f6305f06f.php]
[ Nov 07 2014 10:49:15 ] [var/plain_site/cache/translation/ffd42c3d9ba139a00bfbf35cd9c5e7ac/fre-FR/033ec8c971040b05a246708bf7a47415.php]
[ Nov 07 2014 10:49:15 ] [var/plain_site/cache/translation/ffd42c3d9ba139a00bfbf35cd9c5e7ac/fre-FR/f661ef919dfee1e1a8a3f3de22f983f3.php]
[ Nov 07 2014 10:49:15 ] [var/plain_site/cache/translation/ffd42c3d9ba139a00bfbf35cd9c5e7ac/fre-FR/92f3f903fd04db30616b9ee883f7c2f3.php]
[ Nov 07 2014 10:49:15 ] [var/plain_site/cache/translation/ffd42c3d9ba139a00bfbf35cd9c5e7ac/fre-FR/16adb3c916e4559a8270c7d64b5f049a.php]
[ Nov 07 2014 10:49:15 ] [var/plain_site/cache/translation/ffd42c3d9ba139a00bfbf35cd9c5e7ac/fre-FR/60a5f9cd25662ebce6e55404d1374f5a.php]
[ Nov 07 2014 10:49:15 ] [var/plain_site/cache/translation/ffd42c3d9ba139a00bfbf35cd9c5e7ac/fre-FR/74c68f8e7127d464640041d728f040f8.php]
[ Nov 07 2014 10:49:15 ] [var/plain_site/cache/translation/ffd42c3d9ba139a00bfbf35cd9c5e7ac/fre-FR/e2fea269517a000be3c7abeecbbb1e23.php]
[ Nov 07 2014 10:49:15 ] [var/plain_site/cache/translation/ffd42c3d9ba139a00bfbf35cd9c5e7ac/fre-FR/83ccfb42f55d20d73e4b576235217b58.php]
[ Nov 07 2014 10:49:15 ] [var/plain_site/cache/translation/ffd42c3d9ba139a00bfbf35cd9c5e7ac/fre-FR/048b15d8d1cf30ade58f1edc10606faa.php]
[ Nov 07 2014 10:49:15 ] [var/plain_site/cache/translation/ffd42c3d9ba139a00bfbf35cd9c5e7ac/fre-FR/fe8cc2f15d294876360d0660edb166c0.php]
[ Nov 07 2014 10:49:15 ] [var/plain_site/cache/translation/ffd42c3d9ba139a00bfbf35cd9c5e7ac/fre-FR/b669b82fa86c89ba0347702fbbcaa1ea.php]
[ Nov 07 2014 10:49:15 ] [var/plain_site/cache/override/override_ff3ca123e0f1cbf5064ee4bff1640e13.php]
[ Nov 07 2014 10:49:15 ] [var/plain_site/cache/translation/ffd42c3d9ba139a00bfbf35cd9c5e7ac/fre-FR/682b2b3204265eea92517398b529a718.php]
[ Nov 07 2014 10:49:15 ] [var/plain_site/cache/translation/ffd42c3d9ba139a00bfbf35cd9c5e7ac/fre-FR/5e553697f413de979176a63999c5b332.php]
[ Nov 07 2014 10:49:15 ] [var/plain_site/cache/translation/ffd42c3d9ba139a00bfbf35cd9c5e7ac/fre-FR/98e3341484d56862bf3008d746a41bec.php]
[ Nov 07 2014 10:49:15 ] [var/plain_site/cache/translation/ffd42c3d9ba139a00bfbf35cd9c5e7ac/fre-FR/c7ba62f179216b5dfc1053f40b90705e.php]
[ Nov 07 2014 10:49:15 ] [var/plain_site/cache/translation/ffd42c3d9ba139a00bfbf35cd9c5e7ac/fre-FR/840e4514c037f115f9209d5accc32c91.php]
[ Nov 07 2014 10:49:15 ] [var/plain_site/cache/translation/ffd42c3d9ba139a00bfbf35cd9c5e7ac/fre-FR/e5874e38916f291d5a4dbdaf383f8e16.php]
[ Nov 07 2014 10:49:15 ] [var/plain_site/cache/translation/ffd42c3d9ba139a00bfbf35cd9c5e7ac/fre-FR/fc87099ba273382d9d9d6e02e8636aa1.php]
[ Nov 07 2014 10:49:15 ] [var/plain_site/cache/translation/ffd42c3d9ba139a00bfbf35cd9c5e7ac/fre-FR/d692a74b82f5026cca0043ce20fe8b50.php]
[ Nov 07 2014 10:49:15 ] [var/plain_site/cache/translation/ffd42c3d9ba139a00bfbf35cd9c5e7ac/fre-FR/d59cedbd16ba4f2363ebbbffe4c62d9d.php]
[ Nov 07 2014 10:49:15 ] [var/plain_site/cache/translation/ffd42c3d9ba139a00bfbf35cd9c5e7ac/fre-FR/48cefbb85dea544796f3d2d30d3a6b91.php]
[ Nov 07 2014 10:49:15 ] [var/plain_site/cache/translation/ffd42c3d9ba139a00bfbf35cd9c5e7ac/fre-FR/810f8d0b896a58b6fbb348bf454dfeb1.php]
[ Nov 07 2014 10:49:15 ] [var/plain_site/cache/translation/ffd42c3d9ba139a00bfbf35cd9c5e7ac/fre-FR/58a6bff932c3c0c7ddec18ce6d558c55.php]
[ Nov 07 2014 10:49:15 ] [var/plain_site/cache/translation/ffd42c3d9ba139a00bfbf35cd9c5e7ac/fre-FR/4eaa925ca36d9109dcaaccb83e382d6c.php]
[ Nov 07 2014 10:49:15 ] [var/plain_site/cache/translation/ffd42c3d9ba139a00bfbf35cd9c5e7ac/fre-FR/034c207b087d544420d0c483b5db8eff.php]
[ Nov 07 2014 10:49:15 ] [var/plain_site/cache/translation/ffd42c3d9ba139a00bfbf35cd9c5e7ac/fre-FR/0b47c6fee8319051bd83acad4e7dcdcf.php]
[ Nov 07 2014 10:49:15 ] [var/plain_site/cache/translation/ffd42c3d9ba139a00bfbf35cd9c5e7ac/fre-FR/ace534c59e555cb5949cdc86d2630fd1.php]
[ Nov 07 2014 10:49:15 ] [var/plain_site/cache/template/compiled/common.php]
[ Nov 07 2014 10:49:15 ] [var/plain_site/cache/translation/ffd42c3d9ba139a00bfbf35cd9c5e7ac/fre-FR/619458079c323c13dcd395bbbb892ca6.php]
[ Nov 07 2014 10:49:15 ] [var/plain_site/cache/translation/ffd42c3d9ba139a00bfbf35cd9c5e7ac/fre-FR/0bdbe183617b5b67947655b8ea75244a.php]
[ Nov 07 2014 10:49:15 ] [var/plain_site/cache/translation/ffd42c3d9ba139a00bfbf35cd9c5e7ac/fre-FR/dc90220fe89ccc717279a1feba7dc781.php]
[ Nov 07 2014 10:49:15 ] [var/plain_site/cache/translation/ffd42c3d9ba139a00bfbf35cd9c5e7ac/fre-FR/3861653a22a2ef9d0d222ee8e91bb363.php]
[ Nov 07 2014 10:49:15 ] [var/plain_site/cache/translation/ffd42c3d9ba139a00bfbf35cd9c5e7ac/fre-FR/5b945d8b827fbf4e1fe5e2488b8e72f6.php]
[ Nov 07 2014 10:49:15 ] [var/plain_site/cache/translation/ffd42c3d9ba139a00bfbf35cd9c5e7ac/fre-FR/e412e04edad8274589282bd72c95c6f3.php]
[ Nov 07 2014 10:49:15 ] [var/plain_site/cache/translation/ffd42c3d9ba139a00bfbf35cd9c5e7ac/fre-FR/d964ce325cf8cf9496dc695a88aa84af.php]
[ Nov 07 2014 10:49:15 ] [var/plain_site/cache/translation/ffd42c3d9ba139a00bfbf35cd9c5e7ac/fre-FR/211cfb0a2c1a71279285aee1a6db4227.php]
[ Nov 07 2014 10:49:15 ] [var/plain_site/cache/translation/ffd42c3d9ba139a00bfbf35cd9c5e7ac/fre-FR/73da978a57ce4180d352b6ed58c682c5.php]
[ Nov 07 2014 10:49:15 ] [var/plain_site/cache/translation/ffd42c3d9ba139a00bfbf35cd9c5e7ac/fre-FR/ca1755d2da2d81c05e51e4c05e4a2898.php]
[ Nov 07 2014 10:49:15 ] [var/plain_site/cache/translation/ffd42c3d9ba139a00bfbf35cd9c5e7ac/fre-FR/a57ab51824d3854881dc6fcc397137e2.php]
[ Nov 07 2014 10:49:15 ] [var/plain_site/cache/translation/ffd42c3d9ba139a00bfbf35cd9c5e7ac/fre-FR/4a678a8a2143f0e862904afe0d320d4f.php]
[ Nov 07 2014 10:49:15 ] [var/plain_site/cache/translation/ffd42c3d9ba139a00bfbf35cd9c5e7ac/fre-FR/966c617fe01b53ebd33538c488a290c2.php]
[ Nov 07 2014 10:49:15 ] [var/plain_site/cache/translation/ffd42c3d9ba139a00bfbf35cd9c5e7ac/fre-FR/3219f1692caaa8c877d255ede6e0ac58.php]
[ Nov 07 2014 10:49:15 ] [var/plain_site/cache/translation/ffd42c3d9ba139a00bfbf35cd9c5e7ac/fre-FR/a887d8dbc4764e7924e30ddc1f0985bc.php]
[ Nov 07 2014 10:49:15 ] [var/plain_site/cache/translation/ffd42c3d9ba139a00bfbf35cd9c5e7ac/fre-FR/f092443abe14802c7947fb020512fa4a.php]
[ Nov 07 2014 10:49:15 ] [var/plain_site/cache/translation/ffd42c3d9ba139a00bfbf35cd9c5e7ac/fre-FR/5a6417f38e80896f8f76a263c5edf518.php]
[ Nov 07 2014 10:49:15 ] [var/plain_site/cache/translation/ffd42c3d9ba139a00bfbf35cd9c5e7ac/fre-FR/51e83e33bfcdbe9a9c42704adf4d7a5b.php]
[ Nov 07 2014 10:49:15 ] [var/plain_site/cache/template/compiled/login-2d3e2e36644ef4a83e76fd5f33572735.php]
[ Nov 07 2014 10:49:15 ] [var/plain_site/cache/translation/ffd42c3d9ba139a00bfbf35cd9c5e7ac/fre-FR/4813b4ee534f379bdda4aaca6af3a45c.php]
[ Nov 07 2014 10:49:15 ] [var/plain_site/cache/translation/ffd42c3d9ba139a00bfbf35cd9c5e7ac/fre-FR/ed8d2c84bf0c51b51c261a84f3383137.php]
[ Nov 07 2014 10:49:15 ] [var/plain_site/cache/translation/ffd42c3d9ba139a00bfbf35cd9c5e7ac/fre-FR/1c5982ac18b9ac86df25eb83747139c6.php]
[ Nov 07 2014 10:49:15 ] [var/plain_site/cache/translation/ffd42c3d9ba139a00bfbf35cd9c5e7ac/fre-FR/62e939e363309f3534dfce17c0589e64.php]
[ Nov 07 2014 10:49:15 ] [var/plain_site/cache/translation/ffd42c3d9ba139a00bfbf35cd9c5e7ac/fre-FR/53f7dc8d28d0841b92a5e6c145999979.php]
[ Nov 07 2014 10:49:15 ] [var/plain_site/cache/translation/ffd42c3d9ba139a00bfbf35cd9c5e7ac/fre-FR/fbb5a6111b5789297e49ece905ee184a.php]
[ Nov 07 2014 10:49:15 ] [var/plain_site/cache/translation/ffd42c3d9ba139a00bfbf35cd9c5e7ac/fre-FR/1145c0945ef7cb889f04c6848f9558d8.php]
[ Nov 07 2014 10:49:15 ] [var/cache/ini/menu-3f1b1fd3f5f6f949a6194cd901a712cb.php]
[ Nov 07 2014 10:49:15 ] [var/plain_site/cache/translation/ffd42c3d9ba139a00bfbf35cd9c5e7ac/fre-FR/04447381f1bb79201d83d33d4c2a8482.php]
[ Nov 07 2014 10:49:15 ] [var/plain_site/cache/translation/ffd42c3d9ba139a00bfbf35cd9c5e7ac/fre-FR/edf9463d2da34b298da6b9033e58ebb6.php]
[ Nov 07 2014 10:49:15 ] [var/plain_site/cache/translation/ffd42c3d9ba139a00bfbf35cd9c5e7ac/fre-FR/5dc2ebeb4846b6f76cd823c45c97e496.php]
[ Nov 07 2014 10:49:15 ] [var/plain_site/cache/translation/ffd42c3d9ba139a00bfbf35cd9c5e7ac/fre-FR/1078fefd6e15a9b3ccc57a2e36f1af65.php]
[ Nov 07 2014 10:49:15 ] [var/plain_site/cache/translation/ffd42c3d9ba139a00bfbf35cd9c5e7ac/fre-FR/3f0cd8bd6357814b5b4d99039b8b08a7.php]
[ Nov 07 2014 10:49:15 ] [var/plain_site/cache/translation/ffd42c3d9ba139a00bfbf35cd9c5e7ac/fre-FR/dbf394fc6ead71ebb018b39a4fa74ae7.php]
[ Nov 07 2014 10:49:15 ] [var/plain_site/cache/translation/ffd42c3d9ba139a00bfbf35cd9c5e7ac/fre-FR/198086efef193207864b822957904525.php]
[ Nov 07 2014 10:49:15 ] [var/plain_site/cache/translation/ffd42c3d9ba139a00bfbf35cd9c5e7ac/fre-FR/6cb0fed6ad5626899906f4f583766c58.php]
[ Nov 07 2014 10:49:15 ] [var/plain_site/cache/translation/ffd42c3d9ba139a00bfbf35cd9c5e7ac/fre-FR/96c7b714a4d5a2df74c02afc68fcb9a1.php]
[ Nov 07 2014 10:49:15 ] [var/plain_site/cache/translation/ffd42c3d9ba139a00bfbf35cd9c5e7ac/fre-FR/02b4c7c4d99e422826033c1eee63713a.php]
[ Nov 07 2014 10:49:15 ] [var/plain_site/cache/translation/ffd42c3d9ba139a00bfbf35cd9c5e7ac/fre-FR/ee5a22a1a6f16be26d31841478edf256.php]
[ Nov 07 2014 10:49:15 ] [var/plain_site/cache/translation/ffd42c3d9ba139a00bfbf35cd9c5e7ac/fre-FR/f75b072a78c4e622073867eefea9f082.php]
[ Nov 07 2014 10:49:15 ] [var/plain_site/cache/translation/ffd42c3d9ba139a00bfbf35cd9c5e7ac/fre-FR/4f06e99615787d9f912208791ea2547d.php]
[ Nov 07 2014 10:49:15 ] [var/plain_site/cache/translation/ffd42c3d9ba139a00bfbf35cd9c5e7ac/fre-FR/fc0090815e08137b8c3ec3e3d7bc29d3.php]
[ Nov 07 2014 10:49:15 ] [var/plain_site/cache/translation/ffd42c3d9ba139a00bfbf35cd9c5e7ac/fre-FR/8b5bad26f56da5404f0d304a328b2764.php]
[ Nov 07 2014 10:49:15 ] [var/plain_site/cache/translation/ffd42c3d9ba139a00bfbf35cd9c5e7ac/fre-FR/0c97e2485d9b8a8f6e34841293018815.php]
[ Nov 07 2014 10:49:15 ] [var/plain_site/cache/translation/ffd42c3d9ba139a00bfbf35cd9c5e7ac/fre-FR/5feae4960fd85d5df7ea75aa0e56404a.php]
[ Nov 07 2014 10:49:15 ] [var/plain_site/cache/translation/ffd42c3d9ba139a00bfbf35cd9c5e7ac/fre-FR/88fcedd1f513076ed93ec96118d5f65a.php]
[ Nov 07 2014 10:49:15 ] [var/plain_site/cache/translation/ffd42c3d9ba139a00bfbf35cd9c5e7ac/fre-FR/dca8a984578e36f2416652ad91eaf2d9.php]
[ Nov 07 2014 10:49:15 ] [var/plain_site/cache/translation/ffd42c3d9ba139a00bfbf35cd9c5e7ac/fre-FR/a1c5b6799ca08dd4c0f452eaaff39663.php]
[ Nov 07 2014 10:49:15 ] [var/plain_site/cache/translation/ffd42c3d9ba139a00bfbf35cd9c5e7ac/fre-FR/947f5e65113922df4d333ca99cab8309.php]
[ Nov 07 2014 10:49:15 ] [var/plain_site/cache/translation/ffd42c3d9ba139a00bfbf35cd9c5e7ac/fre-FR/808592343efcffd50917e16ef4d20f46.php]
[ Nov 07 2014 10:49:15 ] [var/plain_site/cache/translation/ffd42c3d9ba139a00bfbf35cd9c5e7ac/fre-FR/d907f72490bb0d76c6569a105d90b065.php]
[ Nov 07 2014 10:49:15 ] [var/plain_site/cache/translation/ffd42c3d9ba139a00bfbf35cd9c5e7ac/fre-FR/51d7a48eaf39f1770bd957ba41c5740b.php]
[ Nov 07 2014 10:49:15 ] [var/plain_site/cache/translation/ffd42c3d9ba139a00bfbf35cd9c5e7ac/fre-FR/acb401144ab1149999cbd5eed7b010a2.php]
[ Nov 07 2014 10:49:15 ] [var/plain_site/cache/translation/ffd42c3d9ba139a00bfbf35cd9c5e7ac/fre-FR/5eebdfc025ab9746b67ace94624f2e53.php]
[ Nov 07 2014 10:49:15 ] [var/plain_site/cache/translation/ffd42c3d9ba139a00bfbf35cd9c5e7ac/fre-FR/e10fee5c5acba0b34e1df0529cdcfde5.php]
[ Nov 07 2014 10:49:15 ] [var/plain_site/cache/translation/ffd42c3d9ba139a00bfbf35cd9c5e7ac/fre-FR/fea0fda6c1f5eb1951024fcf7de960b5.php]
[ Nov 07 2014 10:49:15 ] [var/plain_site/cache/translation/ffd42c3d9ba139a00bfbf35cd9c5e7ac/fre-FR/a84224d50c65a16ea6a40ef09b1966a1.php]
[ Nov 07 2014 10:49:15 ] [var/plain_site/cache/translation/ffd42c3d9ba139a00bfbf35cd9c5e7ac/fre-FR/d404898fb7ce393d1aedd6c371b5ebc8.php]
[ Nov 07 2014 10:49:15 ] [var/plain_site/cache/translation/ffd42c3d9ba139a00bfbf35cd9c5e7ac/fre-FR/b4e80e7b25ffa5e4b0c72587e70b0d34.php]
[ Nov 07 2014 10:49:15 ] [var/plain_site/cache/template/compiled/loginpagelayout-5253f16e8a579e8f5ca428a44a45f8e6.php]
[ Nov 07 2014 10:49:15 ] [var/plain_site/cache/translation/ffd42c3d9ba139a00bfbf35cd9c5e7ac/fre-FR/5aee0e618bd6bef601f89f51aecbd025.php]
[ Nov 07 2014 10:49:15 ] [var/plain_site/cache/translation/ffd42c3d9ba139a00bfbf35cd9c5e7ac/fre-FR/cb4b72228ee7f3ff89fbcaa6c480e7de.php]
[ Nov 07 2014 10:49:15 ] [var/plain_site/cache/translation/ffd42c3d9ba139a00bfbf35cd9c5e7ac/fre-FR/d22b7dcecf868ff4cc313182dd858614.php]
[ Nov 07 2014 10:49:15 ] [var/plain_site/cache/translation/ffd42c3d9ba139a00bfbf35cd9c5e7ac/fre-FR/68ccdf2ce466c97767e3707085d82d6a.php]
[ Nov 07 2014 10:49:15 ] [var/plain_site/cache/translation/ffd42c3d9ba139a00bfbf35cd9c5e7ac/fre-FR/04dca09b8d23ec968fe22545dd8d14d8.php]
[ Nov 07 2014 10:49:15 ] [var/plain_site/cache/translation/ffd42c3d9ba139a00bfbf35cd9c5e7ac/fre-FR/e8663b1fe56ad337f33eeec0e00e17e0.php]
[ Nov 07 2014 10:49:15 ] [var/plain_site/cache/translation/ffd42c3d9ba139a00bfbf35cd9c5e7ac/fre-FR/dfb775b0ae68820c4b66d441b905e6bd.php]
[ Nov 07 2014 10:49:15 ] [var/plain_site/cache/translation/ffd42c3d9ba139a00bfbf35cd9c5e7ac/fre-FR/cc5fbe87ac206a4423aad09b47307734.php]
[ Nov 07 2014 10:49:15 ] [var/plain_site/cache/translation/ffd42c3d9ba139a00bfbf35cd9c5e7ac/fre-FR/16babe37407ceb2929f14ee9ef346496.php]
[ Nov 07 2014 10:49:15 ] [var/plain_site/cache/translation/ffd42c3d9ba139a00bfbf35cd9c5e7ac/fre-FR/32a2d8891b0b5184e5234727b2ef27c9.php]
[ Nov 07 2014 10:49:15 ] [var/plain_site/cache/translation/ffd42c3d9ba139a00bfbf35cd9c5e7ac/fre-FR/b5cf7a1e1707f09304b95b5b5f5eec2b.php]
[ Nov 07 2014 10:49:15 ] [var/plain_site/cache/translation/ffd42c3d9ba139a00bfbf35cd9c5e7ac/fre-FR/f11e2058ebf13fc6f3b8f0407bc5defc.php]
[ Nov 07 2014 10:49:15 ] [var/plain_site/cache/translation/ffd42c3d9ba139a00bfbf35cd9c5e7ac/fre-FR/8cbfb675fbe502cb98049f794e8bdd67.php]
[ Nov 07 2014 10:49:15 ] [var/plain_site/cache/translation/ffd42c3d9ba139a00bfbf35cd9c5e7ac/fre-FR/3fdb2a9f332190ae5ea5837cc8fd6cee.php]
[ Nov 07 2014 10:49:15 ] [var/plain_site/cache/translation/ffd42c3d9ba139a00bfbf35cd9c5e7ac/fre-FR/c3bb2bdd47ccbcef83bc9dbd70b4788e.php]
[ Nov 07 2014 10:49:15 ] [var/plain_site/cache/translation/ffd42c3d9ba139a00bfbf35cd9c5e7ac/fre-FR/3d45c6966d668750520ab85f95725752.php]
[ Nov 07 2014 10:49:15 ] [var/plain_site/cache/translation/ffd42c3d9ba139a00bfbf35cd9c5e7ac/fre-FR/586568b4fde98821eda27d47cf680c8f.php]
[ Nov 07 2014 10:49:15 ] [var/plain_site/cache/translation/ffd42c3d9ba139a00bfbf35cd9c5e7ac/fre-FR/aeb1dd8f300950dd3b22b753cf6caea9.php]
[ Nov 07 2014 10:49:15 ] [var/plain_site/cache/translation/ffd42c3d9ba139a00bfbf35cd9c5e7ac/fre-FR/2ebcc3cf1ed57c935ff0249254b6bf0a.php]
[ Nov 07 2014 10:49:15 ] [var/plain_site/cache/translation/ffd42c3d9ba139a00bfbf35cd9c5e7ac/fre-FR/8a838fef5f48b7bcb88a07433892888d.php]
[ Nov 07 2014 10:49:15 ] [var/plain_site/cache/translation/ffd42c3d9ba139a00bfbf35cd9c5e7ac/fre-FR/b12a2feffd188190c77c9e02eec03bf7.php]
[ Nov 07 2014 10:49:15 ] [var/plain_site/cache/translation/ffd42c3d9ba139a00bfbf35cd9c5e7ac/fre-FR/8daf2796ce912ec123fee8c75d107449.php]
[ Nov 07 2014 10:49:15 ] [var/plain_site/cache/translation/ffd42c3d9ba139a00bfbf35cd9c5e7ac/fre-FR/0b1f59fe6e77e247af1eec110054af4c.php]
[ Nov 07 2014 10:49:15 ] [var/plain_site/cache/translation/ffd42c3d9ba139a00bfbf35cd9c5e7ac/fre-FR/a0677499c8a089b8297e420105df3f8b.php]
[ Nov 07 2014 10:49:15 ] [var/plain_site/cache/translation/ffd42c3d9ba139a00bfbf35cd9c5e7ac/fre-FR/b007ba4ccffd867b17d6c240331312f5.php]
[ Nov 07 2014 10:49:15 ] [var/plain_site/cache/translation/ffd42c3d9ba139a00bfbf35cd9c5e7ac/fre-FR/36b1bd4f7091aed2e9fc814eb3471d52.php]
[ Nov 07 2014 10:49:15 ] [var/plain_site/cache/translation/ffd42c3d9ba139a00bfbf35cd9c5e7ac/fre-FR/ebe57ebf65da8f6d5045116e346d6c57.php]
[ Nov 07 2014 10:49:15 ] [var/plain_site/cache/translation/ffd42c3d9ba139a00bfbf35cd9c5e7ac/fre-FR/79bce2538b9d7810eeb2179f86f7ad7f.php]
[ Nov 07 2014 10:49:15 ] [var/plain_site/cache/translation/ffd42c3d9ba139a00bfbf35cd9c5e7ac/fre-FR/c7893e69d8d39407ae0dd1bae18e85c5.php]
[ Nov 07 2014 10:49:15 ] [var/plain_site/cache/translation/ffd42c3d9ba139a00bfbf35cd9c5e7ac/fre-FR/57922bb4c07907dd3d32869650fadb67.php]
[ Nov 07 2014 10:49:15 ] [var/plain_site/cache/translation/ffd42c3d9ba139a00bfbf35cd9c5e7ac/fre-FR/26e9398785407db433c986f10f49531e.php]
[ Nov 07 2014 10:49:15 ] [var/plain_site/cache/translation/ffd42c3d9ba139a00bfbf35cd9c5e7ac/fre-FR/e16b29539b04e276cdcc20b5a7de3da4.php]
[ Nov 07 2014 10:49:15 ] [var/plain_site/cache/translation/ffd42c3d9ba139a00bfbf35cd9c5e7ac/fre-FR/6e2cc964027cc18ae365b6276e77911a.php]
[ Nov 07 2014 10:49:15 ] [var/plain_site/cache/translation/ffd42c3d9ba139a00bfbf35cd9c5e7ac/fre-FR/3f8e28b6defc3223d4bc504fb0cfc6e1.php]
[ Nov 07 2014 10:49:15 ] [var/plain_site/cache/template/compiled/page_head-e744f3a9b6a85da0b6dbb90dda68f753.php]
[ Nov 07 2014 10:49:15 ] [var/plain_site/cache/translation/ffd42c3d9ba139a00bfbf35cd9c5e7ac/fre-FR/af179b2a337389cd60a919c8dc9f74e1.php]
[ Nov 07 2014 10:49:15 ] [var/plain_site/cache/translation/ffd42c3d9ba139a00bfbf35cd9c5e7ac/fre-FR/0ceacd617cb763b4a591930439d3df31.php]
[ Nov 07 2014 10:49:15 ] [var/plain_site/cache/translation/ffd42c3d9ba139a00bfbf35cd9c5e7ac/fre-FR/ed4047cd0854495daa231729c6ffb2bf.php]
[ Nov 07 2014 10:49:15 ] [var/plain_site/cache/translation/ffd42c3d9ba139a00bfbf35cd9c5e7ac/fre-FR/3b41be3ba98187a6feb51f53d333523b.php]
[ Nov 07 2014 10:49:15 ] [var/plain_site/cache/translation/ffd42c3d9ba139a00bfbf35cd9c5e7ac/fre-FR/c38a1a2140f912675c3739c84f91faf7.php]
[ Nov 07 2014 10:49:15 ] [var/plain_site/cache/translation/ffd42c3d9ba139a00bfbf35cd9c5e7ac/fre-FR/1b8d9daee84fbbab409d05664015ceaf.php]
[ Nov 07 2014 10:49:15 ] [var/plain_site/cache/translation/ffd42c3d9ba139a00bfbf35cd9c5e7ac/fre-FR/0a3ffcb24aaf53d2768e6ec4e5e87de2.php]
[ Nov 07 2014 10:49:15 ] [var/plain_site/cache/translation/ffd42c3d9ba139a00bfbf35cd9c5e7ac/fre-FR/e69a71c1d740177b35f7920066592cff.php]
[ Nov 07 2014 10:49:15 ] [var/plain_site/cache/translation/ffd42c3d9ba139a00bfbf35cd9c5e7ac/fre-FR/0451bdfcbf48eed8ccb374f1332e2d10.php]
[ Nov 07 2014 10:49:15 ] [var/plain_site/cache/translation/ffd42c3d9ba139a00bfbf35cd9c5e7ac/fre-FR/3d04371854761dfd6f068b19a2881d7e.php]
[ Nov 07 2014 10:49:15 ] [var/plain_site/cache/translation/ffd42c3d9ba139a00bfbf35cd9c5e7ac/fre-FR/26cfc1fbb9ab0f50d465c0efed9b5a72.php]
[ Nov 07 2014 10:49:15 ] [var/plain_site/cache/translation/ffd42c3d9ba139a00bfbf35cd9c5e7ac/fre-FR/a69d9b97bd9cf1f303f6eaeb07bc5934.php]
[ Nov 07 2014 10:49:15 ] [var/plain_site/cache/translation/ffd42c3d9ba139a00bfbf35cd9c5e7ac/fre-FR/f73ca849cc850e4c759392af91700cae.php]
[ Nov 07 2014 10:49:15 ] [var/plain_site/cache/translation/ffd42c3d9ba139a00bfbf35cd9c5e7ac/fre-FR/ac59be445f74d45ff9b9a5889f18e94b.php]
[ Nov 07 2014 10:49:15 ] [var/plain_site/cache/translation/ffd42c3d9ba139a00bfbf35cd9c5e7ac/fre-FR/306a256390f6b6cab38739bb1cc6a815.php]
[ Nov 07 2014 10:49:15 ] [var/plain_site/cache/template/compiled/link-593d43670c22f3e0f740aa6cc5bab8ee.php]
[ Nov 07 2014 10:49:15 ] [var/plain_site/cache/translation/ffd42c3d9ba139a00bfbf35cd9c5e7ac/fre-FR/3602884c40bb149044b1575e7b2f2576.php]
[ Nov 07 2014 10:49:15 ] [var/plain_site/cache/translation/ffd42c3d9ba139a00bfbf35cd9c5e7ac/fre-FR/fb54f3c5992b96d001bb16e8e92d968d.php]
[ Nov 07 2014 10:49:15 ] [var/plain_site/cache/translation/ffd42c3d9ba139a00bfbf35cd9c5e7ac/fre-FR/97a6d738ccb6e22d6e69e6e93f5f8733.php]
[ Nov 07 2014 10:49:15 ] [var/plain_site/cache/translation/ffd42c3d9ba139a00bfbf35cd9c5e7ac/fre-FR/53767baab49bd6a72e518a2c2312ae15.php]
[ Nov 07 2014 10:49:15 ] [var/plain_site/cache/translation/ffd42c3d9ba139a00bfbf35cd9c5e7ac/fre-FR/261fd0037c3525fe288e987bf7fbb615.php]
[ Nov 07 2014 10:49:15 ] [var/plain_site/cache/translation/ffd42c3d9ba139a00bfbf35cd9c5e7ac/fre-FR/a93a77f4f79e80700ef510b0140aed35.php]
[ Nov 07 2014 10:49:15 ] [var/plain_site/cache/translation/ffd42c3d9ba139a00bfbf35cd9c5e7ac/fre-FR/50dac6c253eb3727e7c57e93f484e675.php]
[ Nov 07 2014 10:49:15 ] [var/plain_site/cache/translation/ffd42c3d9ba139a00bfbf35cd9c5e7ac/fre-FR/d90026088732561e4b3caad6e8e3dc3a.php]
[ Nov 07 2014 10:49:15 ] [var/plain_site/cache/translation/ffd42c3d9ba139a00bfbf35cd9c5e7ac/fre-FR/e72f3cc30a228fb878abba3a8b2a6416.php]
[ Nov 07 2014 10:49:15 ] [var/plain_site/cache/translation/ffd42c3d9ba139a00bfbf35cd9c5e7ac/fre-FR/998021627b6873359f7c8a097e60faa5.php]
[ Nov 07 2014 10:49:15 ] [var/plain_site/cache/translation/ffd42c3d9ba139a00bfbf35cd9c5e7ac/fre-FR/7e948d90a13c80699e89a4e6c78178c8.php]
[ Nov 07 2014 10:49:15 ] [var/plain_site/cache/translation/ffd42c3d9ba139a00bfbf35cd9c5e7ac/fre-FR/d712502e0e7956e457bc4f9b084dce8e.php]
[ Nov 07 2014 10:49:15 ] [var/plain_site/cache/translation/ffd42c3d9ba139a00bfbf35cd9c5e7ac/fre-FR/d453b354b2dc85c22291ad6c9f8964ec.php]
[ Nov 07 2014 10:49:15 ] [var/plain_site/cache/translation/ffd42c3d9ba139a00bfbf35cd9c5e7ac/fre-FR/76f25c8abb7c696e9a0fcc22158ebf6b.php]
[ Nov 07 2014 10:49:15 ] [var/plain_site/cache/translation/ffd42c3d9ba139a00bfbf35cd9c5e7ac/fre-FR/09ff4540112cc63dc56bdf5c1fae09ff.php]
[ Nov 07 2014 10:49:15 ] [var/plain_site/cache/translation/ffd42c3d9ba139a00bfbf35cd9c5e7ac/fre-FR/1e9908b162b5cb0185154993f55cde4c.php]
[ Nov 07 2014 10:49:15 ] [var/plain_site/cache/translation/ffd42c3d9ba139a00bfbf35cd9c5e7ac/fre-FR/d5cdacfda81e0980523f409d5b12b118.php]
[ Nov 07 2014 10:49:15 ] [var/plain_site/cache/translation/ffd42c3d9ba139a00bfbf35cd9c5e7ac/fre-FR/27dd985db3e96c75854c05112c5eaefb.php]
[ Nov 07 2014 10:49:15 ] [var/plain_site/cache/template/compiled/page_head_style-f583d677b2b2ddb3cc12d22045231793.php]
[ Nov 07 2014 10:49:15 ] [var/plain_site/cache/translation/ffd42c3d9ba139a00bfbf35cd9c5e7ac/fre-FR/5c9bf0a23833634f0ccf85e0cd28188b.php]
[ Nov 07 2014 10:49:15 ] [var/plain_site/cache/translation/ffd42c3d9ba139a00bfbf35cd9c5e7ac/fre-FR/95743c8c8673f7dfd8aa1d934446a37f.php]
[ Nov 07 2014 10:49:15 ] [var/plain_site/cache/translation/ffd42c3d9ba139a00bfbf35cd9c5e7ac/fre-FR/30e9784718f74931528642d131a29a7f.php]
[ Nov 07 2014 10:49:15 ] [var/plain_site/cache/translation/ffd42c3d9ba139a00bfbf35cd9c5e7ac/fre-FR/cdf0b8b7da1e8c6fa4e0bf2119d78f93.php]
[ Nov 07 2014 10:49:15 ] [var/plain_site/cache/translation/ffd42c3d9ba139a00bfbf35cd9c5e7ac/fre-FR/f164fc9ab630de689c2c50626b0f47c7.php]
[ Nov 07 2014 10:49:15 ] [var/plain_site/cache/translation/ffd42c3d9ba139a00bfbf35cd9c5e7ac/fre-FR/141656db8164c49ef9516b2c5e3dd1cf.php]
[ Nov 07 2014 10:49:15 ] [var/plain_site/cache/translation/ffd42c3d9ba139a00bfbf35cd9c5e7ac/fre-FR/7a591d6df625787ce32b1d6c3f141950.php]
[ Nov 07 2014 10:49:15 ] [var/cache/ini/ezjscore-11aa66f51e6d43141fd489478f1dca17.php]
[ Nov 07 2014 10:49:15 ] [var/plain_site/cache/translation/ffd42c3d9ba139a00bfbf35cd9c5e7ac/fre-FR/23fb6f4771c74209f2f711fbdd673c64.php]
[ Nov 07 2014 10:49:15 ] [var/plain_site/cache/translation/ffd42c3d9ba139a00bfbf35cd9c5e7ac/fre-FR/9a19f485b6d9b01357c4c9871a9feb61.php]
[ Nov 07 2014 10:49:15 ] [var/plain_site/cache/translation/ffd42c3d9ba139a00bfbf35cd9c5e7ac/fre-FR/8238a93577d09321d5b6249f55911355.php]
[ Nov 07 2014 10:49:15 ] [var/plain_site/cache/translation/ffd42c3d9ba139a00bfbf35cd9c5e7ac/fre-FR/c9ec4aa003394cc928ae7dc6b3979219.php]
[ Nov 07 2014 10:49:15 ] [var/plain_site/cache/translation/ffd42c3d9ba139a00bfbf35cd9c5e7ac/fre-FR/c634e876367d4d820497284198d0d572.php]
[ Nov 07 2014 10:49:15 ] [var/plain_site/cache/translation/ffd42c3d9ba139a00bfbf35cd9c5e7ac/fre-FR/bbdbe3520bf43b7bfc5ccef1f7a322d4.php]
[ Nov 07 2014 10:49:15 ] [var/plain_site/cache/translation/ffd42c3d9ba139a00bfbf35cd9c5e7ac/fre-FR/c30f1addce86ea1e460d9c08753b0c24.php]
[ Nov 07 2014 10:49:15 ] [var/plain_site/cache/translation/ffd42c3d9ba139a00bfbf35cd9c5e7ac/fre-FR/fbdb2a687779b8979874a4e5c2e6ddd9.php]
[ Nov 07 2014 10:49:15 ] [var/plain_site/cache/template/compiled/page_head_style_inline-aefb941c7cc73ee6ad1b62ca4d66c648.php]
[ Nov 07 2014 10:49:16 ] [var/cache/ini/content-db3189ad9861711d8697fb393fe02fab.php]
[ Nov 07 2014 10:49:16 ] [var/plain_site/cache/template/compiled/page_head_script-8e8750531c9b7d5ccfddd09ee8ad6681.php]
[ Nov 07 2014 10:49:16 ] [var/cache/ini/workflow-ad0af8e80e471fa5e14af002cef8eae0.php]
[ Nov 07 2014 10:49:16 ] [var/plain_site/cache/template/compiled/page_mainarea-7bbb55c7139bdba71eb5a1aafcb51a05.php]
[ Nov 07 2014 10:49:16 ] [var/cache/ini/override-c0cce77e23bf06b9848244646ac82524.php]
[ Nov 07 2014 10:49:16 ] [var/cache/ini/design-3557a5a2a0335fc7cc5086cd9c7e8f0e.php]
[ Nov 07 2014 10:49:16 ] [var/plain_site/cache/template/compiled/page_warning-d769812c8a9bc7d13281edb6e2c2328c.php]
[ Nov 07 2014 10:49:16 ] [var/plain_site/cache/template/compiled/page_copyright-3d796ae9cb9e9962fa797fc9d2122d73.php]
[ Nov 07 2014 10:49:16 ] [var/plain_site/cache/override/override_3cbd6c3bb44d8b970254bf3a10eb930e.php]
[ Nov 07 2014 10:49:16 ] [var/cache/ini/fetchalias-692e6e47c02bb2c2538832482f1f4013.php]
[ Nov 07 2014 10:49:16 ] [var/plain_site/cache/template/compiled/folder-b481316d3ddce79ea9ec800fe22c646e.php]
[ Nov 07 2014 10:49:16 ] [var/cache/ini/ezxml-f997b17b5f41b9b91f9f1b42c37e0bf9.php]
[ Nov 07 2014 10:49:16 ] [var/plain_site/cache/template/compiled/ezxmltext-feb5987c1f8468b6cb8c215f9963f4d3.php]
[ Nov 07 2014 10:49:16 ] [var/plain_site/cache/template/compiled/paragraph-c76504134bd1725d10887aa0458736ef.php]
[ Nov 07 2014 10:49:16 ] [var/plain_site/cache/template/compiled/header-b778789668e16bf512ffda2347753924.php]
[ Nov 07 2014 10:49:16 ] [var/plain_site/cache/template/compiled/link-492ce3fbd1eb2b5ce2320400fa3b3558.php]
[ Nov 07 2014 10:49:16 ] [var/plain_site/cache/template/compiled/strong-263ee55dc7bec610fef70bc65e65a8b2.php]
[ Nov 07 2014 10:49:16 ] [var/plain_site/cache/template/compiled/li-26267ca50da8cdfe35bcdd6474b1caeb.php]
[ Nov 07 2014 10:49:16 ] [var/plain_site/cache/template/compiled/ul-8b6bc508966cf5e7a2d3f8991c680a70.php]
[ Nov 07 2014 10:49:16 ] [var/cache/ini/menu-8be4510d88189037ae4be5c26f43f1a4.php]
[ Nov 07 2014 10:49:17 ] [var/cache/ini/toolbar-c23f5bfacf50bc0a1424aee67bdef4e1.php]
[ Nov 07 2014 10:49:17 ] [var/plain_site/cache/template/compiled/pagelayout-de09677b8a03b0b6cc2cadf83d771921.php]
[ Nov 07 2014 10:49:17 ] [var/plain_site/cache/template/compiled/page_head-d85298becb9634c63e8220604bd1af41.php]
[ Nov 07 2014 10:49:17 ] [var/plain_site/cache/template/compiled/link-e6f1cfb3aa006188189b2aa0e7968f2c.php]
[ Nov 07 2014 10:49:17 ] [var/cache/ini/image-b6ce7727a382fc4040e00ad89737acde.php]
[ Nov 07 2014 10:49:17 ] [var/plain_site/cache/template/compiled/login-2e7d1c35244e46407c6c61bbcb03d7ee.php]
[ Nov 07 2014 10:49:17 ] [var/plain_site/cache/template/compiled/searchbox-e522eb5f255bc9e9693770026f3b936c.php]
[ Nov 07 2014 10:49:17 ] [var/plain_site/cache/template/compiled/flat_top-386e4e65030a0345a3f5b759908525c3.php]
[ Nov 07 2014 10:49:17 ] [var/plain_site/cache/classidentifiers_e1671797c52e15f763380b45e841ec32.php]
[ Nov 07 2014 10:49:17 ] [var/plain_site/cache/template/compiled/path-305e30f6a4ed4b5636711bb5971ad30e.php]
[ Nov 07 2014 10:49:17 ] [var/plain_site/cache/template/compiled/flat_left-5125e99dcb86a4f6e9fc361b4ae3e3cf.php]
[ Nov 07 2014 10:49:21 ] [var/cache/ini/audit-d805be1a547d2569036f8d604d0b838a.php]
[ Nov 07 2014 10:49:21 ] [var/cache/ini/dashboard-a1da539896bde52d09c2f0ba2918f781.php]
[ Nov 07 2014 10:49:21 ] [var/cache/ini/design-06f632426e06639da4ab3c227dca86b4.php]
[ Nov 07 2014 10:49:21 ] [var/plain_site/cache/template/compiled/dashboard-899fb496042170289dffbf8754c7cd2b.php]
[ Nov 07 2014 10:49:21 ] [var/plain_site/cache/template/compiled/pending_list-8223d2ea71dad0b3b90fe41b02b8cadd.php]
[ Nov 07 2014 10:49:21 ] [var/plain_site/cache/template/compiled/maintenance-ae09030cefeaa85722e97eb528a204a8.php]
[ Nov 07 2014 10:49:21 ] [var/plain_site/cache/template/compiled/drafts-66bedfa399b8458ed3240f623eac48f7.php]
[ Nov 07 2014 10:49:21 ] [var/cache/ini/content-3ea6da6354ed210dab6d1231785c660c.php]
[ Nov 07 2014 10:49:21 ] [var/plain_site/cache/template/compiled/latest_content-55450b82c8a810ee29369af03531472b.php]
[ Nov 07 2014 10:49:21 ] [var/plain_site/cache/template/compiled/all_latest_content-2a2d7a3e74c7a484f895159e98793bb7.php]
[ Nov 07 2014 10:49:21 ] [var/cache/ini/menu-3db289ec30be9efd0cb5a7c08cad045d.php]
[ Nov 07 2014 10:49:22 ] [var/cache/ini/toolbar-b01126ec2aaa54f782eec0c1190d8879.php]
[ Nov 07 2014 10:49:22 ] [var/plain_site/cache/template/compiled/pagelayout-3845751bb488fa5386d078cadfa2a9b7.php]
[ Nov 07 2014 10:49:22 ] [var/plain_site/cache/template/compiled/page_head-462d7227cf0afb8014cf082ddf429d2a.php]
[ Nov 07 2014 10:49:22 ] [var/plain_site/cache/template/compiled/link-05d471c9c5a1cf0e74d28f66758e8b79.php]
[ Nov 07 2014 10:49:22 ] [var/plain_site/cache/template/compiled/page_head_style-5657932b359566d8312754dbc673b0ae.php]
[ Nov 07 2014 10:49:22 ] [var/cache/ini/ezjscore-c2534b10c1e58e5985306d7cc3f90a3b.php]
[ Nov 07 2014 10:49:22 ] [var/plain_site/cache/template/compiled/page_head_style_inline-902ecee59c06ea5c90c24c2ffa2ee239.php]
[ Nov 07 2014 10:49:22 ] [var/plain_site/cache/template/compiled/page_head_script-c668c55e280b01d7c9cb8f95077a383e.php]
[ Nov 07 2014 10:49:22 ] [var/plain_site/cache/template/compiled/page_header-e031e5618cf5ff35b8718576234a4271.php]
[ Nov 07 2014 10:49:22 ] [var/plain_site/cache/template/compiled/page_search-740b72e51df8b7302501c1ed39d21bd6.php]
[ Nov 07 2014 10:49:22 ] [var/plain_site/cache/template/compiled/page_topmenu-8514b079aa493ae4805568656cf45757.php]
[ Nov 07 2014 10:49:22 ] [var/plain_site/cache/template/compiled/page_topmenuitem-32de97264c304d84a5e4960868bae9b6.php]
[ Nov 07 2014 10:49:22 ] [var/plain_site/cache/template/compiled/page_toppath-d92c19989e0bb31fe8ad0a57f8ee0c4c.php]
[ Nov 07 2014 10:49:22 ] [var/plain_site/cache/template/compiled/page_leftmenu-23b770b7f67aa17ec732016b215ae761.php]
[ Nov 07 2014 10:49:22 ] [var/plain_site/cache/template/compiled/menu-5fc9fa0a42095209af53bbb52518346a.php]
[ Nov 07 2014 10:49:23 ] [var/plain_site/cache/template/compiled/ini_menu-661f4fe5fcba3ea426aec2b084f31f96.php]
[ Nov 07 2014 10:49:23 ] [var/cache/ini/contentstructuremenu-18f95d18b51999a86060075bec5bfa82.php]
[ Nov 07 2014 10:49:23 ] [var/plain_site/cache/template/compiled/content_structure_menu_dynamic-93c3fb402db35247593dc87e9a76e566.php]
[ Nov 07 2014 10:49:23 ] [var/cache/ini/icon-c5097bf8fdc20f739dffe7492e71daf1.php]
[ Nov 07 2014 10:49:23 ] [var/cache/ini/icon-05653f331dbd88ec53ac0faab24e5122.php]
[ Nov 07 2014 10:49:23 ] [var/plain_site/cache/template/compiled/page_mainarea-989254f4505e87c5b6d6d82796e2f467.php]
[ Nov 07 2014 10:49:23 ] [var/plain_site/cache/template/compiled/page_warning-17f7cdbe12c4f383fa54ac6db650c9c0.php]
[ Nov 07 2014 10:49:23 ] [var/plain_site/cache/template/compiled/page_copyright-6c5ca125e9e0aa29ea837825341a68d7.php]
[ Nov 07 2014 10:49:23 ] [var/cache/ini/admininterface-8307cd08ecd964265d5c450668848455.php]
[ Nov 07 2014 10:49:23 ] [var/plain_site/cache/template/compiled/popup_menu-766bebdda9dbffb4ad0ade9d2c611ae7.php]
[ Nov 07 2014 10:49:23 ] [var/plain_site/cache/template/compiled/popup_context_menu-c7249026be64400cfd2368f06ef48f02.php]
[ Nov 07 2014 10:49:23 ] [var/plain_site/cache/template/compiled/oocontextmenu-958d1750524615cf7889dd1b7638b94d.php]
[ Nov 07 2014 10:49:23 ] [var/plain_site/cache/template/compiled/ezmucontextmenu-b8cc8aec1a84a6cb0e8bb754d86f57ec.php]
[ Nov 07 2014 10:49:23 ] [var/plain_site/cache/template/compiled/popup_subitems_menu-46bf975cd85f068d26fdd5bbc07efe61.php]
[ Nov 07 2014 10:49:23 ] [var/plain_site/cache/template/compiled/oosubitemscontextmenu-71f5204a7865d07dfeb9aaff25b58121.php]
[ Nov 07 2014 10:49:23 ] [var/plain_site/cache/template/compiled/ezmusubitemscontextmenu-282ae16eb96dfac6c34cec95aff02c10.php]
[ Nov 07 2014 10:49:23 ] [var/plain_site/cache/template/compiled/popup_class_menu-b9393522d8a190786c62013f254b2f00.php]
[ Nov 07 2014 10:49:23 ] [var/plain_site/cache/template/compiled/popup_bookmark_menu-d076143e15fdbe743de267a0b26372e3.php]
[ Nov 07 2014 10:49:23 ] [var/plain_site/cache/template/compiled/popup_tag_menu-d16e8799aa7b8de7959f0638d5788099.php]
[ Nov 07 2014 10:49:23 ] [var/plain_site/cache/template/compiled/oocontextsubmenu-b9bc1cdfdd994b2cc613bd1a42e670b4.php]
[ Nov 07 2014 10:49:23 ] [var/plain_site/cache/template/compiled/popup_sub_createhere_menu-ef97d989bd2143e9eff159955cc9793a.php]
[ Nov 07 2014 10:49:23 ] [var/plain_site/cache/template/compiled/popup_sub_edit_menu-6020a76d5c80391445bcb047f6b5a491.php]
[ Nov 07 2014 10:49:23 ] [var/plain_site/cache/template/compiled/popup_sub_advance_menu-6a2e52b831446c99634915945da05522.php]
[ Nov 07 2014 10:49:23 ] [var/plain_site/cache/template/compiled/popup_sub_editclass_menu-cba4dbbf1d090d2a90507dd3e9f2ca94.php]
[ Nov 07 2014 10:49:23 ] [var/plain_site/cache/template/compiled/popup_sub_siteaccess_menus-7d8d81704296bcc2ad26812b993a3178.php]
[ Nov 07 2014 10:49:27 ] [var/cache/ini/menu-adc1a1ec68dd0ebf9071d5ffa93c94eb.php]
[ Nov 07 2014 10:49:27 ] [var/cache/ini/design-87599ebcb83d9947d3b0f1410c56e897.php]
